[2016-11-29 17:12:43.361] -- [DEBUG] -- [localhost-startStop-1 >>>> LogFactory.java:135 >>>> Method = setImplementation] -- [Content = Logging initialized using 'class org.apache.ibatis.logging.slf4j.Slf4jImpl' adapter.]
[2016-11-29 17:12:43.515] -- [DEBUG] -- [localhost-startStop-1 >>>> SqlSessionFactoryBean.java:458 >>>> Method = buildSqlSessionFactory] -- [Content = Parsed configuration file: 'class path resource [mybatis/mybatis-config.xml]']
[2016-11-29 17:12:43.579] -- [DEBUG] -- [localhost-startStop-1 >>>> SqlSessionFactoryBean.java:490 >>>> Method = buildSqlSessionFactory] -- [Content = Parsed mapper file: 'file [C:\Users\zaber\Desktop\SpringMVC-Spring-MyBatis-master\Basic-Single-Module-SSM\target\classes\module\user\mapper\SysUserMapper.xml]']
[2016-11-29 17:20:26.076] -- [DEBUG] -- [localhost-startStop-1 >>>> LogFactory.java:135 >>>> Method = setImplementation] -- [Content = Logging initialized using 'class org.apache.ibatis.logging.slf4j.Slf4jImpl' adapter.]
[2016-11-29 17:20:26.141] -- [DEBUG] -- [localhost-startStop-1 >>>> SqlSessionFactoryBean.java:458 >>>> Method = buildSqlSessionFactory] -- [Content = Parsed configuration file: 'class path resource [mybatis/mybatis-config.xml]']
[2016-11-29 17:20:26.195] -- [DEBUG] -- [localhost-startStop-1 >>>> SqlSessionFactoryBean.java:490 >>>> Method = buildSqlSessionFactory] -- [Content = Parsed mapper file: 'file [C:\Users\zaber\Desktop\SpringMVC-Spring-MyBatis-master\Basic-Single-Module-SSM\target\classes\module\user\mapper\SysUserMapper.xml]']
[2016-11-29 17:25:36.486] -- [DEBUG] -- [http-bio-8080-exec-5 >>>> SqlSessionUtils.java:99 >>>> Method = getSqlSession] -- [Content = Creating a new SqlSession]
[2016-11-29 17:25:36.492] -- [DEBUG] -- [http-bio-8080-exec-5 >>>> SqlSessionUtils.java:130 >>>> Method = registerSessionHolder] -- [Content = Registering transaction synchronization for SqlSession [org.apache.ibatis.session.defaults.DefaultSqlSession@52cd2183]]
[2016-11-29 17:25:36.508] -- [DEBUG] -- [http-bio-8080-exec-5 >>>> SpringManagedTransaction.java:87 >>>> Method = openConnection] -- [Content = JDBC Connection [com.alibaba.druid.proxy.jdbc.ConnectionProxyImpl@7532489c] will be managed by Spring]
[2016-11-29 17:25:36.511] -- [DEBUG] -- [http-bio-8080-exec-5 >>>> BaseJdbcLogger.java:145 >>>> Method = debug] -- [Content = ==>  Preparing: select sys_user_id, sys_user_login_name, sys_user_login_password, sys_user_status, sys_user_is_delete, sys_user_register_datetime, sys_user_register_source, sys_user_type, sys_user_sex, sys_user_is_email_active, sys_user_is_mobile_active, sys_user_register_type, sys_user_pay_passwrod, sys_user_icon, sys_user_real_name, sys_user_email, sys_user_mobile, sys_user_weibo_id, sys_user_qq_id from sys_user where sys_user_id = ? ]
[2016-11-29 17:25:36.534] -- [DEBUG] -- [http-bio-8080-exec-5 >>>> BaseJdbcLogger.java:145 >>>> Method = debug] -- [Content = ==> Parameters: 1(Long)]
[2016-11-29 17:25:36.554] -- [TRACE] -- [http-bio-8080-exec-5 >>>> BaseJdbcLogger.java:151 >>>> Method = trace] -- [Content = <==    Columns: sys_user_id, sys_user_login_name, sys_user_login_password, sys_user_status, sys_user_is_delete, sys_user_register_datetime, sys_user_register_source, sys_user_type, sys_user_sex, sys_user_is_email_active, sys_user_is_mobile_active, sys_user_register_type, sys_user_pay_passwrod, sys_user_icon, sys_user_real_name, sys_user_email, sys_user_mobile, sys_user_weibo_id, sys_user_qq_id]
[2016-11-29 17:25:36.554] -- [TRACE] -- [http-bio-8080-exec-5 >>>> BaseJdbcLogger.java:151 >>>> Method = trace] -- [Content = <==        Row: 1, YouMeek1, e10adc3949ba59abbe56e057f20f883e, 0, N, 2016-02-24 00:12:23.0, 0, 0, 0, Y, Y, 0, e10adc3949ba59abbe56e057f20f883e, , 张觉恩1, 363379441@qq.com, 13800000001, , ]
[2016-11-29 17:25:36.557] -- [DEBUG] -- [http-bio-8080-exec-5 >>>> BaseJdbcLogger.java:145 >>>> Method = debug] -- [Content = <==      Total: 1]
[2016-11-29 17:25:36.558] -- [DEBUG] -- [http-bio-8080-exec-5 >>>> SqlSessionUtils.java:188 >>>> Method = closeSqlSession] -- [Content = Releasing transactional SqlSession [org.apache.ibatis.session.defaults.DefaultSqlSession@52cd2183]]
[2016-11-29 17:25:36.559] -- [DEBUG] -- [http-bio-8080-exec-5 >>>> SqlSessionUtils.java:312 >>>> Method = beforeCompletion] -- [Content = Transaction synchronization deregistering SqlSession [org.apache.ibatis.session.defaults.DefaultSqlSession@52cd2183]]
[2016-11-29 17:25:36.559] -- [DEBUG] -- [http-bio-8080-exec-5 >>>> SqlSessionUtils.java:317 >>>> Method = beforeCompletion] -- [Content = Transaction synchronization closing SqlSession [org.apache.ibatis.session.defaults.DefaultSqlSession@52cd2183]]
[2016-11-29 19:38:23.773] -- [DEBUG] -- [http-bio-8080-exec-6 >>>> SqlSessionUtils.java:99 >>>> Method = getSqlSession] -- [Content = Creating a new SqlSession]
[2016-11-29 19:38:23.774] -- [DEBUG] -- [http-bio-8080-exec-6 >>>> SqlSessionUtils.java:130 >>>> Method = registerSessionHolder] -- [Content = Registering transaction synchronization for SqlSession [org.apache.ibatis.session.defaults.DefaultSqlSession@41aed648]]
[2016-11-29 19:38:23.775] -- [DEBUG] -- [http-bio-8080-exec-6 >>>> SpringManagedTransaction.java:87 >>>> Method = openConnection] -- [Content = JDBC Connection [com.alibaba.druid.proxy.jdbc.ConnectionProxyImpl@7532489c] will be managed by Spring]
[2016-11-29 19:38:23.776] -- [DEBUG] -- [http-bio-8080-exec-6 >>>> BaseJdbcLogger.java:145 >>>> Method = debug] -- [Content = ==>  Preparing: select sys_user_id, sys_user_login_name, sys_user_login_password, sys_user_status, sys_user_is_delete, sys_user_register_datetime, sys_user_register_source, sys_user_type, sys_user_sex, sys_user_is_email_active, sys_user_is_mobile_active, sys_user_register_type, sys_user_pay_passwrod, sys_user_icon, sys_user_real_name, sys_user_email, sys_user_mobile, sys_user_weibo_id, sys_user_qq_id from sys_user where sys_user_id = ? ]
[2016-11-29 19:38:23.776] -- [DEBUG] -- [http-bio-8080-exec-6 >>>> BaseJdbcLogger.java:145 >>>> Method = debug] -- [Content = ==> Parameters: 1(Long)]
[2016-11-29 19:38:23.778] -- [TRACE] -- [http-bio-8080-exec-6 >>>> BaseJdbcLogger.java:151 >>>> Method = trace] -- [Content = <==    Columns: sys_user_id, sys_user_login_name, sys_user_login_password, sys_user_status, sys_user_is_delete, sys_user_register_datetime, sys_user_register_source, sys_user_type, sys_user_sex, sys_user_is_email_active, sys_user_is_mobile_active, sys_user_register_type, sys_user_pay_passwrod, sys_user_icon, sys_user_real_name, sys_user_email, sys_user_mobile, sys_user_weibo_id, sys_user_qq_id]
[2016-11-29 19:38:23.779] -- [TRACE] -- [http-bio-8080-exec-6 >>>> BaseJdbcLogger.java:151 >>>> Method = trace] -- [Content = <==        Row: 1, YouMeek1, e10adc3949ba59abbe56e057f20f883e, 0, N, 2016-02-24 00:12:23.0, 0, 0, 0, Y, Y, 0, e10adc3949ba59abbe56e057f20f883e, , 张觉恩1, 363379441@qq.com, 13800000001, , ]
[2016-11-29 19:38:23.780] -- [DEBUG] -- [http-bio-8080-exec-6 >>>> BaseJdbcLogger.java:145 >>>> Method = debug] -- [Content = <==      Total: 1]
[2016-11-29 19:38:23.781] -- [DEBUG] -- [http-bio-8080-exec-6 >>>> SqlSessionUtils.java:188 >>>> Method = closeSqlSession] -- [Content = Releasing transactional SqlSession [org.apache.ibatis.session.defaults.DefaultSqlSession@41aed648]]
[2016-11-29 19:38:23.781] -- [DEBUG] -- [http-bio-8080-exec-6 >>>> SqlSessionUtils.java:312 >>>> Method = beforeCompletion] -- [Content = Transaction synchronization deregistering SqlSession [org.apache.ibatis.session.defaults.DefaultSqlSession@41aed648]]
[2016-11-29 19:38:23.781] -- [DEBUG] -- [http-bio-8080-exec-6 >>>> SqlSessionUtils.java:317 >>>> Method = beforeCompletion] -- [Content = Transaction synchronization closing SqlSession [org.apache.ibatis.session.defaults.DefaultSqlSession@41aed648]]
[2016-11-29 19:53:44.735] -- [DEBUG] -- [localhost-startStop-1 >>>> LogFactory.java:135 >>>> Method = setImplementation] -- [Content = Logging initialized using 'class org.apache.ibatis.logging.slf4j.Slf4jImpl' adapter.]
[2016-11-29 19:53:44.910] -- [DEBUG] -- [localhost-startStop-1 >>>> SqlSessionFactoryBean.java:458 >>>> Method = buildSqlSessionFactory] -- [Content = Parsed configuration file: 'class path resource [mybatis/mybatis-config.xml]']
[2016-11-29 19:53:44.965] -- [DEBUG] -- [localhost-startStop-1 >>>> SqlSessionFactoryBean.java:490 >>>> Method = buildSqlSessionFactory] -- [Content = Parsed mapper file: 'file [C:\Users\zaber\Desktop\SpringMVC-Spring-MyBatis-master\Basic-Single-Module-SSM\target\classes\module\user\mapper\SysUserMapper.xml]']
[2016-11-29 20:09:13.810] -- [DEBUG] -- [localhost-startStop-1 >>>> LogFactory.java:135 >>>> Method = setImplementation] -- [Content = Logging initialized using 'class org.apache.ibatis.logging.slf4j.Slf4jImpl' adapter.]
[2016-11-29 20:09:13.877] -- [DEBUG] -- [localhost-startStop-1 >>>> SqlSessionFactoryBean.java:458 >>>> Method = buildSqlSessionFactory] -- [Content = Parsed configuration file: 'class path resource [mybatis/mybatis-config.xml]']
[2016-11-29 20:09:13.927] -- [DEBUG] -- [localhost-startStop-1 >>>> SqlSessionFactoryBean.java:490 >>>> Method = buildSqlSessionFactory] -- [Content = Parsed mapper file: 'file [C:\Users\zaber\Desktop\SpringMVC-Spring-MyBatis-master\Basic-Single-Module-SSM\target\classes\module\user\mapper\SysUserMapper.xml]']
[2016-11-29 20:16:16.011] -- [DEBUG] -- [localhost-startStop-1 >>>> LogFactory.java:135 >>>> Method = setImplementation] -- [Content = Logging initialized using 'class org.apache.ibatis.logging.slf4j.Slf4jImpl' adapter.]
[2016-11-29 20:16:16.085] -- [DEBUG] -- [localhost-startStop-1 >>>> SqlSessionFactoryBean.java:458 >>>> Method = buildSqlSessionFactory] -- [Content = Parsed configuration file: 'class path resource [mybatis/mybatis-config.xml]']
[2016-11-29 20:16:16.144] -- [DEBUG] -- [localhost-startStop-1 >>>> SqlSessionFactoryBean.java:490 >>>> Method = buildSqlSessionFactory] -- [Content = Parsed mapper file: 'file [C:\Users\zaber\Desktop\SpringMVC-Spring-MyBatis-master\GUIDE-SSM\target\classes\module\user\mapper\SysUserMapper.xml]']
[2016-11-29 20:17:09.669] -- [DEBUG] -- [localhost-startStop-1 >>>> LogFactory.java:135 >>>> Method = setImplementation] -- [Content = Logging initialized using 'class org.apache.ibatis.logging.slf4j.Slf4jImpl' adapter.]
[2016-11-29 20:17:09.741] -- [DEBUG] -- [localhost-startStop-1 >>>> SqlSessionFactoryBean.java:458 >>>> Method = buildSqlSessionFactory] -- [Content = Parsed configuration file: 'class path resource [mybatis/mybatis-config.xml]']
[2016-11-29 20:17:09.797] -- [DEBUG] -- [localhost-startStop-1 >>>> SqlSessionFactoryBean.java:490 >>>> Method = buildSqlSessionFactory] -- [Content = Parsed mapper file: 'file [C:\Users\zaber\Desktop\SpringMVC-Spring-MyBatis-master\GUIDE-SSM\target\classes\module\user\mapper\SysUserMapper.xml]']
[2016-11-29 23:01:56.292] -- [DEBUG] -- [localhost-startStop-1 >>>> LogFactory.java:135 >>>> Method = setImplementation] -- [Content = Logging initialized using 'class org.apache.ibatis.logging.slf4j.Slf4jImpl' adapter.]
[2016-11-29 23:03:13.477] -- [DEBUG] -- [localhost-startStop-1 >>>> LogFactory.java:135 >>>> Method = setImplementation] -- [Content = Logging initialized using 'class org.apache.ibatis.logging.slf4j.Slf4jImpl' adapter.]
[2016-11-29 23:03:13.539] -- [DEBUG] -- [localhost-startStop-1 >>>> SqlSessionFactoryBean.java:458 >>>> Method = buildSqlSessionFactory] -- [Content = Parsed configuration file: 'class path resource [mybatis/mybatis-config.xml]']
[2016-11-29 23:03:13.596] -- [DEBUG] -- [localhost-startStop-1 >>>> SqlSessionFactoryBean.java:490 >>>> Method = buildSqlSessionFactory] -- [Content = Parsed mapper file: 'file [C:\Users\zaber\Desktop\SpringMVC-Spring-MyBatis-master\GUIDE-SSM\target\classes\mapper\SysUserMapper.xml]']
[2016-11-29 23:14:42.983] -- [DEBUG] -- [localhost-startStop-1 >>>> LogFactory.java:135 >>>> Method = setImplementation] -- [Content = Logging initialized using 'class org.apache.ibatis.logging.slf4j.Slf4jImpl' adapter.]
[2016-11-29 23:14:43.054] -- [DEBUG] -- [localhost-startStop-1 >>>> SqlSessionFactoryBean.java:458 >>>> Method = buildSqlSessionFactory] -- [Content = Parsed configuration file: 'class path resource [mybatis/mybatis-config.xml]']
[2016-11-29 23:14:43.145] -- [DEBUG] -- [localhost-startStop-1 >>>> SqlSessionFactoryBean.java:490 >>>> Method = buildSqlSessionFactory] -- [Content = Parsed mapper file: 'file [C:\Users\zaber\Desktop\SpringMVC-Spring-MyBatis-master\GUIDE-SSM\target\classes\mapper\SysUserMapper.xml]']
[2016-11-29 23:15:31.703] -- [DEBUG] -- [localhost-startStop-1 >>>> LogFactory.java:135 >>>> Method = setImplementation] -- [Content = Logging initialized using 'class org.apache.ibatis.logging.slf4j.Slf4jImpl' adapter.]
[2016-11-29 23:15:31.778] -- [DEBUG] -- [localhost-startStop-1 >>>> SqlSessionFactoryBean.java:458 >>>> Method = buildSqlSessionFactory] -- [Content = Parsed configuration file: 'class path resource [mybatis/mybatis-config.xml]']
[2016-11-29 23:15:31.829] -- [DEBUG] -- [localhost-startStop-1 >>>> SqlSessionFactoryBean.java:490 >>>> Method = buildSqlSessionFactory] -- [Content = Parsed mapper file: 'file [C:\Users\zaber\Desktop\SpringMVC-Spring-MyBatis-master\GUIDE-SSM\target\classes\mapper\SysUserMapper.xml]']
[2016-11-29 23:21:57.511] -- [DEBUG] -- [localhost-startStop-1 >>>> LogFactory.java:135 >>>> Method = setImplementation] -- [Content = Logging initialized using 'class org.apache.ibatis.logging.slf4j.Slf4jImpl' adapter.]
[2016-11-29 23:21:57.587] -- [DEBUG] -- [localhost-startStop-1 >>>> SqlSessionFactoryBean.java:458 >>>> Method = buildSqlSessionFactory] -- [Content = Parsed configuration file: 'class path resource [mybatis/mybatis-config.xml]']
[2016-11-29 23:21:57.830] -- [DEBUG] -- [localhost-startStop-1 >>>> SqlSessionFactoryBean.java:490 >>>> Method = buildSqlSessionFactory] -- [Content = Parsed mapper file: 'file [C:\Users\zaber\Desktop\SpringMVC-Spring-MyBatis-master\GUIDE-SSM\target\classes\mapper\SysUserMapper.xml]']
[2016-11-29 23:25:00.467] -- [DEBUG] -- [localhost-startStop-1 >>>> LogFactory.java:135 >>>> Method = setImplementation] -- [Content = Logging initialized using 'class org.apache.ibatis.logging.slf4j.Slf4jImpl' adapter.]
[2016-11-29 23:25:00.533] -- [DEBUG] -- [localhost-startStop-1 >>>> SqlSessionFactoryBean.java:458 >>>> Method = buildSqlSessionFactory] -- [Content = Parsed configuration file: 'class path resource [mybatis/mybatis-config.xml]']
[2016-11-29 23:25:00.585] -- [DEBUG] -- [localhost-startStop-1 >>>> SqlSessionFactoryBean.java:490 >>>> Method = buildSqlSessionFactory] -- [Content = Parsed mapper file: 'file [C:\Users\zaber\Desktop\SpringMVC-Spring-MyBatis-master\GUIDE-SSM\target\classes\mapper\SysUserMapper.xml]']
[2016-11-29 23:31:06.300] -- [DEBUG] -- [localhost-startStop-1 >>>> LogFactory.java:135 >>>> Method = setImplementation] -- [Content = Logging initialized using 'class org.apache.ibatis.logging.slf4j.Slf4jImpl' adapter.]
[2016-11-29 23:31:06.363] -- [DEBUG] -- [localhost-startStop-1 >>>> SqlSessionFactoryBean.java:458 >>>> Method = buildSqlSessionFactory] -- [Content = Parsed configuration file: 'class path resource [mybatis/mybatis-config.xml]']
[2016-11-29 23:31:06.409] -- [DEBUG] -- [localhost-startStop-1 >>>> SqlSessionFactoryBean.java:490 >>>> Method = buildSqlSessionFactory] -- [Content = Parsed mapper file: 'file [C:\Users\zaber\Desktop\SpringMVC-Spring-MyBatis-master\GUIDE-SSM\target\classes\mapper\SysUserMapper.xml]']
[2016-11-29 23:34:02.603] -- [DEBUG] -- [localhost-startStop-1 >>>> LogFactory.java:135 >>>> Method = setImplementation] -- [Content = Logging initialized using 'class org.apache.ibatis.logging.slf4j.Slf4jImpl' adapter.]
[2016-11-29 23:34:02.662] -- [DEBUG] -- [localhost-startStop-1 >>>> SqlSessionFactoryBean.java:458 >>>> Method = buildSqlSessionFactory] -- [Content = Parsed configuration file: 'class path resource [mybatis/mybatis-config.xml]']
[2016-11-29 23:34:02.711] -- [DEBUG] -- [localhost-startStop-1 >>>> SqlSessionFactoryBean.java:490 >>>> Method = buildSqlSessionFactory] -- [Content = Parsed mapper file: 'file [C:\Users\zaber\Desktop\SpringMVC-Spring-MyBatis-master\GUIDE-SSM\target\classes\mapper\SysUserMapper.xml]']
[2016-11-29 23:38:15.581] -- [DEBUG] -- [localhost-startStop-1 >>>> LogFactory.java:135 >>>> Method = setImplementation] -- [Content = Logging initialized using 'class org.apache.ibatis.logging.slf4j.Slf4jImpl' adapter.]
[2016-11-29 23:38:15.644] -- [DEBUG] -- [localhost-startStop-1 >>>> SqlSessionFactoryBean.java:458 >>>> Method = buildSqlSessionFactory] -- [Content = Parsed configuration file: 'class path resource [mybatis/mybatis-config.xml]']
[2016-11-29 23:38:15.706] -- [DEBUG] -- [localhost-startStop-1 >>>> SqlSessionFactoryBean.java:490 >>>> Method = buildSqlSessionFactory] -- [Content = Parsed mapper file: 'file [C:\Users\zaber\Desktop\SpringMVC-Spring-MyBatis-master\GUIDE-SSM\target\classes\mapper\SysUserMapper.xml]']
[2016-11-29 23:42:39.067] -- [DEBUG] -- [localhost-startStop-1 >>>> LogFactory.java:135 >>>> Method = setImplementation] -- [Content = Logging initialized using 'class org.apache.ibatis.logging.slf4j.Slf4jImpl' adapter.]
[2016-11-29 23:42:39.134] -- [DEBUG] -- [localhost-startStop-1 >>>> SqlSessionFactoryBean.java:458 >>>> Method = buildSqlSessionFactory] -- [Content = Parsed configuration file: 'class path resource [mybatis/mybatis-config.xml]']
[2016-11-29 23:42:39.188] -- [DEBUG] -- [localhost-startStop-1 >>>> SqlSessionFactoryBean.java:490 >>>> Method = buildSqlSessionFactory] -- [Content = Parsed mapper file: 'file [C:\Users\zaber\Desktop\SpringMVC-Spring-MyBatis-master\GUIDE-SSM\target\classes\mapper\SysUserMapper.xml]']
[2016-11-29 23:42:59.310] -- [DEBUG] -- [localhost-startStop-1 >>>> LogFactory.java:135 >>>> Method = setImplementation] -- [Content = Logging initialized using 'class org.apache.ibatis.logging.slf4j.Slf4jImpl' adapter.]
[2016-11-29 23:42:59.373] -- [DEBUG] -- [localhost-startStop-1 >>>> SqlSessionFactoryBean.java:458 >>>> Method = buildSqlSessionFactory] -- [Content = Parsed configuration file: 'class path resource [mybatis/mybatis-config.xml]']
[2016-11-29 23:42:59.422] -- [DEBUG] -- [localhost-startStop-1 >>>> SqlSessionFactoryBean.java:490 >>>> Method = buildSqlSessionFactory] -- [Content = Parsed mapper file: 'file [C:\Users\zaber\Desktop\SpringMVC-Spring-MyBatis-master\GUIDE-SSM\target\classes\mapper\SysUserMapper.xml]']
