[2016-12-05 15:07:41.580] -- [DEBUG] -- [localhost-startStop-1 >>>> LogFactory.java:135 >>>> Method = setImplementation] -- [Content = Logging initialized using 'class org.apache.ibatis.logging.slf4j.Slf4jImpl' adapter.]
[2016-12-05 15:07:41.861] -- [DEBUG] -- [localhost-startStop-1 >>>> SqlSessionFactoryBean.java:458 >>>> Method = buildSqlSessionFactory] -- [Content = Parsed configuration file: 'class path resource [mybatis/mybatis-config.xml]']
[2016-12-05 15:07:41.913] -- [DEBUG] -- [localhost-startStop-1 >>>> SqlSessionFactoryBean.java:490 >>>> Method = buildSqlSessionFactory] -- [Content = Parsed mapper file: 'file [C:\Users\zaber\Desktop\SpringMVC-Spring-MyBatis-master\GUIDE-SSM\target\classes\mapper\SysUserMapper.xml]']
[2016-12-05 15:10:21.872] -- [DEBUG] -- [localhost-startStop-1 >>>> LogFactory.java:135 >>>> Method = setImplementation] -- [Content = Logging initialized using 'class org.apache.ibatis.logging.slf4j.Slf4jImpl' adapter.]
[2016-12-05 15:10:22.028] -- [DEBUG] -- [localhost-startStop-1 >>>> SqlSessionFactoryBean.java:458 >>>> Method = buildSqlSessionFactory] -- [Content = Parsed configuration file: 'class path resource [mybatis/mybatis-config.xml]']
[2016-12-05 15:10:22.074] -- [DEBUG] -- [localhost-startStop-1 >>>> SqlSessionFactoryBean.java:490 >>>> Method = buildSqlSessionFactory] -- [Content = Parsed mapper file: 'file [C:\Users\zaber\Desktop\SpringMVC-Spring-MyBatis-master\GUIDE-SSM\target\classes\mapper\SysUserMapper.xml]']
[2016-12-05 15:18:44.339] -- [DEBUG] -- [localhost-startStop-1 >>>> LogFactory.java:135 >>>> Method = setImplementation] -- [Content = Logging initialized using 'class org.apache.ibatis.logging.slf4j.Slf4jImpl' adapter.]
[2016-12-05 15:18:44.457] -- [DEBUG] -- [localhost-startStop-1 >>>> SqlSessionFactoryBean.java:458 >>>> Method = buildSqlSessionFactory] -- [Content = Parsed configuration file: 'class path resource [mybatis/mybatis-config.xml]']
[2016-12-05 15:18:44.508] -- [DEBUG] -- [localhost-startStop-1 >>>> SqlSessionFactoryBean.java:490 >>>> Method = buildSqlSessionFactory] -- [Content = Parsed mapper file: 'file [C:\Users\zaber\Desktop\SpringMVC-Spring-MyBatis-master\GUIDE-SSM\target\classes\mapper\SysUserMapper.xml]']
[2016-12-05 15:19:01.869] -- [DEBUG] -- [localhost-startStop-1 >>>> LogFactory.java:135 >>>> Method = setImplementation] -- [Content = Logging initialized using 'class org.apache.ibatis.logging.slf4j.Slf4jImpl' adapter.]
[2016-12-05 15:19:02.012] -- [DEBUG] -- [localhost-startStop-1 >>>> SqlSessionFactoryBean.java:458 >>>> Method = buildSqlSessionFactory] -- [Content = Parsed configuration file: 'class path resource [mybatis/mybatis-config.xml]']
[2016-12-05 15:19:02.063] -- [DEBUG] -- [localhost-startStop-1 >>>> SqlSessionFactoryBean.java:490 >>>> Method = buildSqlSessionFactory] -- [Content = Parsed mapper file: 'file [C:\Users\zaber\Desktop\SpringMVC-Spring-MyBatis-master\GUIDE-SSM\target\classes\mapper\SysUserMapper.xml]']
[2016-12-05 15:21:34.210] -- [DEBUG] -- [localhost-startStop-1 >>>> LogFactory.java:135 >>>> Method = setImplementation] -- [Content = Logging initialized using 'class org.apache.ibatis.logging.slf4j.Slf4jImpl' adapter.]
[2016-12-05 15:21:34.357] -- [DEBUG] -- [localhost-startStop-1 >>>> SqlSessionFactoryBean.java:458 >>>> Method = buildSqlSessionFactory] -- [Content = Parsed configuration file: 'class path resource [mybatis/mybatis-config.xml]']
[2016-12-05 15:21:34.404] -- [DEBUG] -- [localhost-startStop-1 >>>> SqlSessionFactoryBean.java:490 >>>> Method = buildSqlSessionFactory] -- [Content = Parsed mapper file: 'file [C:\Users\zaber\Desktop\SpringMVC-Spring-MyBatis-master\GUIDE-SSM\target\classes\mapper\SysUserMapper.xml]']
[2016-12-05 15:22:09.884] -- [DEBUG] -- [localhost-startStop-1 >>>> LogFactory.java:135 >>>> Method = setImplementation] -- [Content = Logging initialized using 'class org.apache.ibatis.logging.slf4j.Slf4jImpl' adapter.]
[2016-12-05 15:22:10.034] -- [DEBUG] -- [localhost-startStop-1 >>>> SqlSessionFactoryBean.java:458 >>>> Method = buildSqlSessionFactory] -- [Content = Parsed configuration file: 'class path resource [mybatis/mybatis-config.xml]']
[2016-12-05 15:22:10.082] -- [DEBUG] -- [localhost-startStop-1 >>>> SqlSessionFactoryBean.java:490 >>>> Method = buildSqlSessionFactory] -- [Content = Parsed mapper file: 'file [C:\Users\zaber\Desktop\SpringMVC-Spring-MyBatis-master\GUIDE-SSM\target\classes\mapper\SysUserMapper.xml]']
[2016-12-05 15:23:18.144] -- [DEBUG] -- [localhost-startStop-1 >>>> LogFactory.java:135 >>>> Method = setImplementation] -- [Content = Logging initialized using 'class org.apache.ibatis.logging.slf4j.Slf4jImpl' adapter.]
[2016-12-05 15:23:18.298] -- [DEBUG] -- [localhost-startStop-1 >>>> SqlSessionFactoryBean.java:458 >>>> Method = buildSqlSessionFactory] -- [Content = Parsed configuration file: 'class path resource [mybatis/mybatis-config.xml]']
[2016-12-05 15:23:18.347] -- [DEBUG] -- [localhost-startStop-1 >>>> SqlSessionFactoryBean.java:490 >>>> Method = buildSqlSessionFactory] -- [Content = Parsed mapper file: 'file [C:\Users\zaber\Desktop\SpringMVC-Spring-MyBatis-master\GUIDE-SSM\target\classes\mapper\SysUserMapper.xml]']
[2016-12-05 15:28:27.083] -- [DEBUG] -- [localhost-startStop-1 >>>> LogFactory.java:135 >>>> Method = setImplementation] -- [Content = Logging initialized using 'class org.apache.ibatis.logging.slf4j.Slf4jImpl' adapter.]
[2016-12-05 15:28:27.235] -- [DEBUG] -- [localhost-startStop-1 >>>> SqlSessionFactoryBean.java:458 >>>> Method = buildSqlSessionFactory] -- [Content = Parsed configuration file: 'class path resource [mybatis/mybatis-config.xml]']
[2016-12-05 15:28:27.286] -- [DEBUG] -- [localhost-startStop-1 >>>> SqlSessionFactoryBean.java:490 >>>> Method = buildSqlSessionFactory] -- [Content = Parsed mapper file: 'file [C:\Users\zaber\Desktop\SpringMVC-Spring-MyBatis-master\GUIDE-SSM\target\classes\mapper\SysUserMapper.xml]']
[2016-12-05 15:30:16.277] -- [DEBUG] -- [localhost-startStop-1 >>>> LogFactory.java:135 >>>> Method = setImplementation] -- [Content = Logging initialized using 'class org.apache.ibatis.logging.slf4j.Slf4jImpl' adapter.]
[2016-12-05 15:30:16.441] -- [DEBUG] -- [localhost-startStop-1 >>>> SqlSessionFactoryBean.java:458 >>>> Method = buildSqlSessionFactory] -- [Content = Parsed configuration file: 'class path resource [mybatis/mybatis-config.xml]']
[2016-12-05 15:30:16.491] -- [DEBUG] -- [localhost-startStop-1 >>>> SqlSessionFactoryBean.java:490 >>>> Method = buildSqlSessionFactory] -- [Content = Parsed mapper file: 'file [C:\Users\zaber\Desktop\SpringMVC-Spring-MyBatis-master\GUIDE-SSM\target\classes\mapper\SysUserMapper.xml]']
[2016-12-05 15:45:04.945] -- [DEBUG] -- [localhost-startStop-1 >>>> LogFactory.java:135 >>>> Method = setImplementation] -- [Content = Logging initialized using 'class org.apache.ibatis.logging.slf4j.Slf4jImpl' adapter.]
[2016-12-05 15:45:05.471] -- [DEBUG] -- [localhost-startStop-1 >>>> SqlSessionFactoryBean.java:458 >>>> Method = buildSqlSessionFactory] -- [Content = Parsed configuration file: 'class path resource [mybatis/mybatis-config.xml]']
[2016-12-05 15:45:05.521] -- [DEBUG] -- [localhost-startStop-1 >>>> SqlSessionFactoryBean.java:490 >>>> Method = buildSqlSessionFactory] -- [Content = Parsed mapper file: 'file [C:\Users\zaber\Desktop\SpringMVC-Spring-MyBatis-master\GUIDE-SSM\target\classes\mapper\SysUserMapper.xml]']
[2016-12-05 15:51:25.296] -- [DEBUG] -- [localhost-startStop-1 >>>> LogFactory.java:135 >>>> Method = setImplementation] -- [Content = Logging initialized using 'class org.apache.ibatis.logging.slf4j.Slf4jImpl' adapter.]
[2016-12-05 15:51:25.469] -- [DEBUG] -- [localhost-startStop-1 >>>> SqlSessionFactoryBean.java:458 >>>> Method = buildSqlSessionFactory] -- [Content = Parsed configuration file: 'class path resource [mybatis/mybatis-config.xml]']
[2016-12-05 15:51:25.532] -- [DEBUG] -- [localhost-startStop-1 >>>> SqlSessionFactoryBean.java:490 >>>> Method = buildSqlSessionFactory] -- [Content = Parsed mapper file: 'file [C:\Users\zaber\Desktop\SpringMVC-Spring-MyBatis-master\GUIDE-SSM\target\classes\mapper\SysUserMapper.xml]']
[2016-12-05 15:53:30.531] -- [DEBUG] -- [http-bio-8080-exec-4 >>>> SqlSessionUtils.java:99 >>>> Method = getSqlSession] -- [Content = Creating a new SqlSession]
[2016-12-05 15:53:30.535] -- [DEBUG] -- [http-bio-8080-exec-4 >>>> SqlSessionUtils.java:130 >>>> Method = registerSessionHolder] -- [Content = Registering transaction synchronization for SqlSession [org.apache.ibatis.session.defaults.DefaultSqlSession@54b19fe5]]
[2016-12-05 15:53:30.548] -- [DEBUG] -- [http-bio-8080-exec-4 >>>> SpringManagedTransaction.java:87 >>>> Method = openConnection] -- [Content = JDBC Connection [com.alibaba.druid.proxy.jdbc.ConnectionProxyImpl@62e6dfed] will be managed by Spring]
[2016-12-05 15:53:30.551] -- [DEBUG] -- [http-bio-8080-exec-4 >>>> BaseJdbcLogger.java:145 >>>> Method = debug] -- [Content = ==>  Preparing: select sys_user_id, sys_user_login_name, sys_user_login_password, sys_user_status, sys_user_is_delete, sys_user_register_datetime, sys_user_register_source, sys_user_type, sys_user_sex, sys_user_is_email_active, sys_user_is_mobile_active, sys_user_register_type, sys_user_pay_passwrod, sys_user_icon, sys_user_real_name, sys_user_email, sys_user_mobile, sys_user_weibo_id, sys_user_qq_id from sys_user where sys_user_id = ? ]
[2016-12-05 15:53:30.574] -- [DEBUG] -- [http-bio-8080-exec-4 >>>> BaseJdbcLogger.java:145 >>>> Method = debug] -- [Content = ==> Parameters: 1(Long)]
[2016-12-05 15:53:30.939] -- [TRACE] -- [http-bio-8080-exec-4 >>>> BaseJdbcLogger.java:151 >>>> Method = trace] -- [Content = <==    Columns: sys_user_id, sys_user_login_name, sys_user_login_password, sys_user_status, sys_user_is_delete, sys_user_register_datetime, sys_user_register_source, sys_user_type, sys_user_sex, sys_user_is_email_active, sys_user_is_mobile_active, sys_user_register_type, sys_user_pay_passwrod, sys_user_icon, sys_user_real_name, sys_user_email, sys_user_mobile, sys_user_weibo_id, sys_user_qq_id]
[2016-12-05 15:53:30.940] -- [TRACE] -- [http-bio-8080-exec-4 >>>> BaseJdbcLogger.java:151 >>>> Method = trace] -- [Content = <==        Row: 1, YouMeek1, e10adc3949ba59abbe56e057f20f883e, 0, N, 2016-02-24 00:12:23.0, 0, 0, 0, Y, Y, 0, e10adc3949ba59abbe56e057f20f883e, , уе╬У╤В1, 363379441@qq.com, 13800000001, , ]
[2016-12-05 15:53:30.942] -- [DEBUG] -- [http-bio-8080-exec-4 >>>> BaseJdbcLogger.java:145 >>>> Method = debug] -- [Content = <==      Total: 1]
[2016-12-05 15:53:30.943] -- [DEBUG] -- [http-bio-8080-exec-4 >>>> SqlSessionUtils.java:188 >>>> Method = closeSqlSession] -- [Content = Releasing transactional SqlSession [org.apache.ibatis.session.defaults.DefaultSqlSession@54b19fe5]]
[2016-12-05 15:53:30.943] -- [DEBUG] -- [http-bio-8080-exec-4 >>>> SqlSessionUtils.java:312 >>>> Method = beforeCompletion] -- [Content = Transaction synchronization deregistering SqlSession [org.apache.ibatis.session.defaults.DefaultSqlSession@54b19fe5]]
[2016-12-05 15:53:30.943] -- [DEBUG] -- [http-bio-8080-exec-4 >>>> SqlSessionUtils.java:317 >>>> Method = beforeCompletion] -- [Content = Transaction synchronization closing SqlSession [org.apache.ibatis.session.defaults.DefaultSqlSession@54b19fe5]]
[2016-12-05 15:56:34.982] -- [DEBUG] -- [localhost-startStop-1 >>>> LogFactory.java:135 >>>> Method = setImplementation] -- [Content = Logging initialized using 'class org.apache.ibatis.logging.slf4j.Slf4jImpl' adapter.]
[2016-12-05 15:56:35.109] -- [DEBUG] -- [localhost-startStop-1 >>>> SqlSessionFactoryBean.java:458 >>>> Method = buildSqlSessionFactory] -- [Content = Parsed configuration file: 'class path resource [mybatis/mybatis-config.xml]']
[2016-12-05 15:56:35.157] -- [DEBUG] -- [localhost-startStop-1 >>>> SqlSessionFactoryBean.java:490 >>>> Method = buildSqlSessionFactory] -- [Content = Parsed mapper file: 'file [C:\Users\zaber\Desktop\SpringMVC-Spring-MyBatis-master\GUIDE-SSM\target\classes\mapper\SysUserMapper.xml]']
[2016-12-05 15:56:43.359] -- [DEBUG] -- [http-bio-8080-exec-3 >>>> SqlSessionUtils.java:99 >>>> Method = getSqlSession] -- [Content = Creating a new SqlSession]
[2016-12-05 15:56:43.364] -- [DEBUG] -- [http-bio-8080-exec-3 >>>> SqlSessionUtils.java:130 >>>> Method = registerSessionHolder] -- [Content = Registering transaction synchronization for SqlSession [org.apache.ibatis.session.defaults.DefaultSqlSession@48943bc0]]
[2016-12-05 15:56:43.377] -- [DEBUG] -- [http-bio-8080-exec-3 >>>> SpringManagedTransaction.java:87 >>>> Method = openConnection] -- [Content = JDBC Connection [com.alibaba.druid.proxy.jdbc.ConnectionProxyImpl@a88e49c] will be managed by Spring]
[2016-12-05 15:56:43.380] -- [DEBUG] -- [http-bio-8080-exec-3 >>>> BaseJdbcLogger.java:145 >>>> Method = debug] -- [Content = ==>  Preparing: select sys_user_id, sys_user_login_name, sys_user_login_password, sys_user_status, sys_user_is_delete, sys_user_register_datetime, sys_user_register_source, sys_user_type, sys_user_sex, sys_user_is_email_active, sys_user_is_mobile_active, sys_user_register_type, sys_user_pay_passwrod, sys_user_icon, sys_user_real_name, sys_user_email, sys_user_mobile, sys_user_weibo_id, sys_user_qq_id from sys_user where sys_user_id = ? ]
[2016-12-05 15:56:43.411] -- [DEBUG] -- [http-bio-8080-exec-3 >>>> BaseJdbcLogger.java:145 >>>> Method = debug] -- [Content = ==> Parameters: 1(Long)]
[2016-12-05 15:56:43.430] -- [TRACE] -- [http-bio-8080-exec-3 >>>> BaseJdbcLogger.java:151 >>>> Method = trace] -- [Content = <==    Columns: sys_user_id, sys_user_login_name, sys_user_login_password, sys_user_status, sys_user_is_delete, sys_user_register_datetime, sys_user_register_source, sys_user_type, sys_user_sex, sys_user_is_email_active, sys_user_is_mobile_active, sys_user_register_type, sys_user_pay_passwrod, sys_user_icon, sys_user_real_name, sys_user_email, sys_user_mobile, sys_user_weibo_id, sys_user_qq_id]
[2016-12-05 15:56:43.430] -- [TRACE] -- [http-bio-8080-exec-3 >>>> BaseJdbcLogger.java:151 >>>> Method = trace] -- [Content = <==        Row: 1, YouMeek1, e10adc3949ba59abbe56e057f20f883e, 0, N, 2016-02-24 00:12:23.0, 0, 0, 0, Y, Y, 0, e10adc3949ba59abbe56e057f20f883e, , уе╬У╤В1, 363379441@qq.com, 13800000001, , ]
[2016-12-05 15:56:43.433] -- [DEBUG] -- [http-bio-8080-exec-3 >>>> BaseJdbcLogger.java:145 >>>> Method = debug] -- [Content = <==      Total: 1]
[2016-12-05 15:56:43.434] -- [DEBUG] -- [http-bio-8080-exec-3 >>>> SqlSessionUtils.java:188 >>>> Method = closeSqlSession] -- [Content = Releasing transactional SqlSession [org.apache.ibatis.session.defaults.DefaultSqlSession@48943bc0]]
[2016-12-05 15:56:43.434] -- [DEBUG] -- [http-bio-8080-exec-3 >>>> SqlSessionUtils.java:312 >>>> Method = beforeCompletion] -- [Content = Transaction synchronization deregistering SqlSession [org.apache.ibatis.session.defaults.DefaultSqlSession@48943bc0]]
[2016-12-05 15:56:43.434] -- [DEBUG] -- [http-bio-8080-exec-3 >>>> SqlSessionUtils.java:317 >>>> Method = beforeCompletion] -- [Content = Transaction synchronization closing SqlSession [org.apache.ibatis.session.defaults.DefaultSqlSession@48943bc0]]
[2016-12-05 15:56:58.772] -- [DEBUG] -- [http-bio-8080-exec-9 >>>> SqlSessionUtils.java:99 >>>> Method = getSqlSession] -- [Content = Creating a new SqlSession]
[2016-12-05 15:56:58.773] -- [DEBUG] -- [http-bio-8080-exec-9 >>>> SqlSessionUtils.java:130 >>>> Method = registerSessionHolder] -- [Content = Registering transaction synchronization for SqlSession [org.apache.ibatis.session.defaults.DefaultSqlSession@2cdb7deb]]
[2016-12-05 15:56:58.774] -- [DEBUG] -- [http-bio-8080-exec-9 >>>> SpringManagedTransaction.java:87 >>>> Method = openConnection] -- [Content = JDBC Connection [com.alibaba.druid.proxy.jdbc.ConnectionProxyImpl@a88e49c] will be managed by Spring]
[2016-12-05 15:56:58.774] -- [DEBUG] -- [http-bio-8080-exec-9 >>>> BaseJdbcLogger.java:145 >>>> Method = debug] -- [Content = ==>  Preparing: select sys_user_id, sys_user_login_name, sys_user_login_password, sys_user_status, sys_user_is_delete, sys_user_register_datetime, sys_user_register_source, sys_user_type, sys_user_sex, sys_user_is_email_active, sys_user_is_mobile_active, sys_user_register_type, sys_user_pay_passwrod, sys_user_icon, sys_user_real_name, sys_user_email, sys_user_mobile, sys_user_weibo_id, sys_user_qq_id from sys_user where sys_user_id = ? ]
[2016-12-05 15:56:58.774] -- [DEBUG] -- [http-bio-8080-exec-9 >>>> BaseJdbcLogger.java:145 >>>> Method = debug] -- [Content = ==> Parameters: 1(Long)]
[2016-12-05 15:56:58.776] -- [TRACE] -- [http-bio-8080-exec-9 >>>> BaseJdbcLogger.java:151 >>>> Method = trace] -- [Content = <==    Columns: sys_user_id, sys_user_login_name, sys_user_login_password, sys_user_status, sys_user_is_delete, sys_user_register_datetime, sys_user_register_source, sys_user_type, sys_user_sex, sys_user_is_email_active, sys_user_is_mobile_active, sys_user_register_type, sys_user_pay_passwrod, sys_user_icon, sys_user_real_name, sys_user_email, sys_user_mobile, sys_user_weibo_id, sys_user_qq_id]
[2016-12-05 15:56:58.777] -- [TRACE] -- [http-bio-8080-exec-9 >>>> BaseJdbcLogger.java:151 >>>> Method = trace] -- [Content = <==        Row: 1, YouMeek1, e10adc3949ba59abbe56e057f20f883e, 0, N, 2016-02-24 00:12:23.0, 0, 0, 0, Y, Y, 0, e10adc3949ba59abbe56e057f20f883e, , уе╬У╤В1, 363379441@qq.com, 13800000001, , ]
[2016-12-05 15:56:58.778] -- [DEBUG] -- [http-bio-8080-exec-9 >>>> BaseJdbcLogger.java:145 >>>> Method = debug] -- [Content = <==      Total: 1]
[2016-12-05 15:56:58.778] -- [DEBUG] -- [http-bio-8080-exec-9 >>>> SqlSessionUtils.java:188 >>>> Method = closeSqlSession] -- [Content = Releasing transactional SqlSession [org.apache.ibatis.session.defaults.DefaultSqlSession@2cdb7deb]]
[2016-12-05 15:56:58.778] -- [DEBUG] -- [http-bio-8080-exec-9 >>>> SqlSessionUtils.java:312 >>>> Method = beforeCompletion] -- [Content = Transaction synchronization deregistering SqlSession [org.apache.ibatis.session.defaults.DefaultSqlSession@2cdb7deb]]
[2016-12-05 15:56:58.779] -- [DEBUG] -- [http-bio-8080-exec-9 >>>> SqlSessionUtils.java:317 >>>> Method = beforeCompletion] -- [Content = Transaction synchronization closing SqlSession [org.apache.ibatis.session.defaults.DefaultSqlSession@2cdb7deb]]
[2016-12-05 15:57:11.370] -- [DEBUG] -- [http-bio-8080-exec-10 >>>> SqlSessionUtils.java:99 >>>> Method = getSqlSession] -- [Content = Creating a new SqlSession]
[2016-12-05 15:57:11.371] -- [DEBUG] -- [http-bio-8080-exec-10 >>>> SqlSessionUtils.java:130 >>>> Method = registerSessionHolder] -- [Content = Registering transaction synchronization for SqlSession [org.apache.ibatis.session.defaults.DefaultSqlSession@6f5d8e6b]]
[2016-12-05 15:57:11.372] -- [DEBUG] -- [http-bio-8080-exec-10 >>>> SpringManagedTransaction.java:87 >>>> Method = openConnection] -- [Content = JDBC Connection [com.alibaba.druid.proxy.jdbc.ConnectionProxyImpl@a88e49c] will be managed by Spring]
[2016-12-05 15:57:11.373] -- [DEBUG] -- [http-bio-8080-exec-10 >>>> BaseJdbcLogger.java:145 >>>> Method = debug] -- [Content = ==>  Preparing: select sys_user_id, sys_user_login_name, sys_user_login_password, sys_user_status, sys_user_is_delete, sys_user_register_datetime, sys_user_register_source, sys_user_type, sys_user_sex, sys_user_is_email_active, sys_user_is_mobile_active, sys_user_register_type, sys_user_pay_passwrod, sys_user_icon, sys_user_real_name, sys_user_email, sys_user_mobile, sys_user_weibo_id, sys_user_qq_id from sys_user where sys_user_id = ? ]
[2016-12-05 15:57:11.373] -- [DEBUG] -- [http-bio-8080-exec-10 >>>> BaseJdbcLogger.java:145 >>>> Method = debug] -- [Content = ==> Parameters: 1(Long)]
[2016-12-05 15:57:11.376] -- [TRACE] -- [http-bio-8080-exec-10 >>>> BaseJdbcLogger.java:151 >>>> Method = trace] -- [Content = <==    Columns: sys_user_id, sys_user_login_name, sys_user_login_password, sys_user_status, sys_user_is_delete, sys_user_register_datetime, sys_user_register_source, sys_user_type, sys_user_sex, sys_user_is_email_active, sys_user_is_mobile_active, sys_user_register_type, sys_user_pay_passwrod, sys_user_icon, sys_user_real_name, sys_user_email, sys_user_mobile, sys_user_weibo_id, sys_user_qq_id]
[2016-12-05 15:57:11.377] -- [TRACE] -- [http-bio-8080-exec-10 >>>> BaseJdbcLogger.java:151 >>>> Method = trace] -- [Content = <==        Row: 1, YouMeek1, e10adc3949ba59abbe56e057f20f883e, 0, N, 2016-02-24 00:12:23.0, 0, 0, 0, Y, Y, 0, e10adc3949ba59abbe56e057f20f883e, , уе╬У╤В1, 363379441@qq.com, 13800000001, , ]
[2016-12-05 15:57:11.378] -- [DEBUG] -- [http-bio-8080-exec-10 >>>> BaseJdbcLogger.java:145 >>>> Method = debug] -- [Content = <==      Total: 1]
[2016-12-05 15:57:11.378] -- [DEBUG] -- [http-bio-8080-exec-10 >>>> SqlSessionUtils.java:188 >>>> Method = closeSqlSession] -- [Content = Releasing transactional SqlSession [org.apache.ibatis.session.defaults.DefaultSqlSession@6f5d8e6b]]
[2016-12-05 15:57:11.378] -- [DEBUG] -- [http-bio-8080-exec-10 >>>> SqlSessionUtils.java:312 >>>> Method = beforeCompletion] -- [Content = Transaction synchronization deregistering SqlSession [org.apache.ibatis.session.defaults.DefaultSqlSession@6f5d8e6b]]
[2016-12-05 15:57:11.378] -- [DEBUG] -- [http-bio-8080-exec-10 >>>> SqlSessionUtils.java:317 >>>> Method = beforeCompletion] -- [Content = Transaction synchronization closing SqlSession [org.apache.ibatis.session.defaults.DefaultSqlSession@6f5d8e6b]]
[2016-12-05 15:58:21.067] -- [DEBUG] -- [localhost-startStop-1 >>>> LogFactory.java:135 >>>> Method = setImplementation] -- [Content = Logging initialized using 'class org.apache.ibatis.logging.slf4j.Slf4jImpl' adapter.]
[2016-12-05 15:58:21.224] -- [DEBUG] -- [localhost-startStop-1 >>>> SqlSessionFactoryBean.java:458 >>>> Method = buildSqlSessionFactory] -- [Content = Parsed configuration file: 'class path resource [mybatis/mybatis-config.xml]']
[2016-12-05 15:58:21.276] -- [DEBUG] -- [localhost-startStop-1 >>>> SqlSessionFactoryBean.java:490 >>>> Method = buildSqlSessionFactory] -- [Content = Parsed mapper file: 'file [C:\Users\zaber\Desktop\SpringMVC-Spring-MyBatis-master\GUIDE-SSM\target\classes\mapper\SysUserMapper.xml]']
[2016-12-05 16:00:02.540] -- [DEBUG] -- [localhost-startStop-1 >>>> LogFactory.java:135 >>>> Method = setImplementation] -- [Content = Logging initialized using 'class org.apache.ibatis.logging.slf4j.Slf4jImpl' adapter.]
[2016-12-05 16:00:02.698] -- [DEBUG] -- [localhost-startStop-1 >>>> SqlSessionFactoryBean.java:458 >>>> Method = buildSqlSessionFactory] -- [Content = Parsed configuration file: 'class path resource [mybatis/mybatis-config.xml]']
[2016-12-05 16:00:02.750] -- [DEBUG] -- [localhost-startStop-1 >>>> SqlSessionFactoryBean.java:490 >>>> Method = buildSqlSessionFactory] -- [Content = Parsed mapper file: 'file [C:\Users\zaber\Desktop\SpringMVC-Spring-MyBatis-master\GUIDE-SSM\target\classes\mapper\SysUserMapper.xml]']
[2016-12-05 20:20:11.256] -- [DEBUG] -- [http-bio-8080-exec-3 >>>> SqlSessionUtils.java:99 >>>> Method = getSqlSession] -- [Content = Creating a new SqlSession]
[2016-12-05 20:20:11.261] -- [DEBUG] -- [http-bio-8080-exec-3 >>>> SqlSessionUtils.java:130 >>>> Method = registerSessionHolder] -- [Content = Registering transaction synchronization for SqlSession [org.apache.ibatis.session.defaults.DefaultSqlSession@6923d43c]]
[2016-12-05 20:20:11.274] -- [DEBUG] -- [http-bio-8080-exec-3 >>>> SpringManagedTransaction.java:87 >>>> Method = openConnection] -- [Content = JDBC Connection [com.alibaba.druid.proxy.jdbc.ConnectionProxyImpl@2eeb5402] will be managed by Spring]
[2016-12-05 20:20:11.278] -- [DEBUG] -- [http-bio-8080-exec-3 >>>> BaseJdbcLogger.java:145 >>>> Method = debug] -- [Content = ==>  Preparing: select sys_user_id, sys_user_login_name, sys_user_login_password, sys_user_status, sys_user_is_delete, sys_user_register_datetime, sys_user_register_source, sys_user_type, sys_user_sex, sys_user_is_email_active, sys_user_is_mobile_active, sys_user_register_type, sys_user_pay_passwrod, sys_user_icon, sys_user_real_name, sys_user_email, sys_user_mobile, sys_user_weibo_id, sys_user_qq_id from sys_user where sys_user_id = ? ]
[2016-12-05 20:20:11.303] -- [DEBUG] -- [http-bio-8080-exec-3 >>>> BaseJdbcLogger.java:145 >>>> Method = debug] -- [Content = ==> Parameters: 1(Long)]
[2016-12-05 20:20:11.324] -- [TRACE] -- [http-bio-8080-exec-3 >>>> BaseJdbcLogger.java:151 >>>> Method = trace] -- [Content = <==    Columns: sys_user_id, sys_user_login_name, sys_user_login_password, sys_user_status, sys_user_is_delete, sys_user_register_datetime, sys_user_register_source, sys_user_type, sys_user_sex, sys_user_is_email_active, sys_user_is_mobile_active, sys_user_register_type, sys_user_pay_passwrod, sys_user_icon, sys_user_real_name, sys_user_email, sys_user_mobile, sys_user_weibo_id, sys_user_qq_id]
[2016-12-05 20:20:11.325] -- [TRACE] -- [http-bio-8080-exec-3 >>>> BaseJdbcLogger.java:151 >>>> Method = trace] -- [Content = <==        Row: 1, YouMeek1, e10adc3949ba59abbe56e057f20f883e, 0, N, 2016-02-24 00:12:23.0, 0, 0, 0, Y, Y, 0, e10adc3949ba59abbe56e057f20f883e, , уе╬У╤В1, 363379441@qq.com, 13800000001, , ]
[2016-12-05 20:20:11.328] -- [DEBUG] -- [http-bio-8080-exec-3 >>>> BaseJdbcLogger.java:145 >>>> Method = debug] -- [Content = <==      Total: 1]
[2016-12-05 20:20:11.329] -- [DEBUG] -- [http-bio-8080-exec-3 >>>> SqlSessionUtils.java:188 >>>> Method = closeSqlSession] -- [Content = Releasing transactional SqlSession [org.apache.ibatis.session.defaults.DefaultSqlSession@6923d43c]]
[2016-12-05 20:20:11.330] -- [DEBUG] -- [http-bio-8080-exec-3 >>>> SqlSessionUtils.java:312 >>>> Method = beforeCompletion] -- [Content = Transaction synchronization deregistering SqlSession [org.apache.ibatis.session.defaults.DefaultSqlSession@6923d43c]]
[2016-12-05 20:20:11.330] -- [DEBUG] -- [http-bio-8080-exec-3 >>>> SqlSessionUtils.java:317 >>>> Method = beforeCompletion] -- [Content = Transaction synchronization closing SqlSession [org.apache.ibatis.session.defaults.DefaultSqlSession@6923d43c]]
[2016-12-05 20:20:15.719] -- [DEBUG] -- [http-bio-8080-exec-3 >>>> SqlSessionUtils.java:99 >>>> Method = getSqlSession] -- [Content = Creating a new SqlSession]
[2016-12-05 20:20:15.720] -- [DEBUG] -- [http-bio-8080-exec-3 >>>> SqlSessionUtils.java:130 >>>> Method = registerSessionHolder] -- [Content = Registering transaction synchronization for SqlSession [org.apache.ibatis.session.defaults.DefaultSqlSession@32d5da5d]]
[2016-12-05 20:20:15.720] -- [DEBUG] -- [http-bio-8080-exec-3 >>>> SpringManagedTransaction.java:87 >>>> Method = openConnection] -- [Content = JDBC Connection [com.alibaba.druid.proxy.jdbc.ConnectionProxyImpl@2eeb5402] will be managed by Spring]
[2016-12-05 20:20:15.720] -- [DEBUG] -- [http-bio-8080-exec-3 >>>> BaseJdbcLogger.java:145 >>>> Method = debug] -- [Content = ==>  Preparing: select sys_user_id, sys_user_login_name, sys_user_login_password, sys_user_status, sys_user_is_delete, sys_user_register_datetime, sys_user_register_source, sys_user_type, sys_user_sex, sys_user_is_email_active, sys_user_is_mobile_active, sys_user_register_type, sys_user_pay_passwrod, sys_user_icon, sys_user_real_name, sys_user_email, sys_user_mobile, sys_user_weibo_id, sys_user_qq_id from sys_user where sys_user_id = ? ]
[2016-12-05 20:20:15.721] -- [DEBUG] -- [http-bio-8080-exec-3 >>>> BaseJdbcLogger.java:145 >>>> Method = debug] -- [Content = ==> Parameters: 1(Long)]
[2016-12-05 20:20:15.722] -- [TRACE] -- [http-bio-8080-exec-3 >>>> BaseJdbcLogger.java:151 >>>> Method = trace] -- [Content = <==    Columns: sys_user_id, sys_user_login_name, sys_user_login_password, sys_user_status, sys_user_is_delete, sys_user_register_datetime, sys_user_register_source, sys_user_type, sys_user_sex, sys_user_is_email_active, sys_user_is_mobile_active, sys_user_register_type, sys_user_pay_passwrod, sys_user_icon, sys_user_real_name, sys_user_email, sys_user_mobile, sys_user_weibo_id, sys_user_qq_id]
[2016-12-05 20:20:15.723] -- [TRACE] -- [http-bio-8080-exec-3 >>>> BaseJdbcLogger.java:151 >>>> Method = trace] -- [Content = <==        Row: 1, YouMeek1, e10adc3949ba59abbe56e057f20f883e, 0, N, 2016-02-24 00:12:23.0, 0, 0, 0, Y, Y, 0, e10adc3949ba59abbe56e057f20f883e, , уе╬У╤В1, 363379441@qq.com, 13800000001, , ]
[2016-12-05 20:20:15.723] -- [DEBUG] -- [http-bio-8080-exec-3 >>>> BaseJdbcLogger.java:145 >>>> Method = debug] -- [Content = <==      Total: 1]
[2016-12-05 20:20:15.724] -- [DEBUG] -- [http-bio-8080-exec-3 >>>> SqlSessionUtils.java:188 >>>> Method = closeSqlSession] -- [Content = Releasing transactional SqlSession [org.apache.ibatis.session.defaults.DefaultSqlSession@32d5da5d]]
[2016-12-05 20:20:15.724] -- [DEBUG] -- [http-bio-8080-exec-3 >>>> SqlSessionUtils.java:312 >>>> Method = beforeCompletion] -- [Content = Transaction synchronization deregistering SqlSession [org.apache.ibatis.session.defaults.DefaultSqlSession@32d5da5d]]
[2016-12-05 20:20:15.724] -- [DEBUG] -- [http-bio-8080-exec-3 >>>> SqlSessionUtils.java:317 >>>> Method = beforeCompletion] -- [Content = Transaction synchronization closing SqlSession [org.apache.ibatis.session.defaults.DefaultSqlSession@32d5da5d]]
[2016-12-05 20:23:30.750] -- [DEBUG] -- [http-bio-8080-exec-1 >>>> SqlSessionUtils.java:99 >>>> Method = getSqlSession] -- [Content = Creating a new SqlSession]
[2016-12-05 20:23:30.750] -- [DEBUG] -- [http-bio-8080-exec-1 >>>> SqlSessionUtils.java:130 >>>> Method = registerSessionHolder] -- [Content = Registering transaction synchronization for SqlSession [org.apache.ibatis.session.defaults.DefaultSqlSession@713e80e2]]
[2016-12-05 20:23:30.754] -- [DEBUG] -- [http-bio-8080-exec-1 >>>> SpringManagedTransaction.java:87 >>>> Method = openConnection] -- [Content = JDBC Connection [com.alibaba.druid.proxy.jdbc.ConnectionProxyImpl@2eeb5402] will be managed by Spring]
[2016-12-05 20:23:30.754] -- [DEBUG] -- [http-bio-8080-exec-1 >>>> BaseJdbcLogger.java:145 >>>> Method = debug] -- [Content = ==>  Preparing: select sys_user_id, sys_user_login_name, sys_user_login_password, sys_user_status, sys_user_is_delete, sys_user_register_datetime, sys_user_register_source, sys_user_type, sys_user_sex, sys_user_is_email_active, sys_user_is_mobile_active, sys_user_register_type, sys_user_pay_passwrod, sys_user_icon, sys_user_real_name, sys_user_email, sys_user_mobile, sys_user_weibo_id, sys_user_qq_id from sys_user where sys_user_id = ? ]
[2016-12-05 20:23:30.755] -- [DEBUG] -- [http-bio-8080-exec-1 >>>> BaseJdbcLogger.java:145 >>>> Method = debug] -- [Content = ==> Parameters: 1(Long)]
[2016-12-05 20:23:30.757] -- [TRACE] -- [http-bio-8080-exec-1 >>>> BaseJdbcLogger.java:151 >>>> Method = trace] -- [Content = <==    Columns: sys_user_id, sys_user_login_name, sys_user_login_password, sys_user_status, sys_user_is_delete, sys_user_register_datetime, sys_user_register_source, sys_user_type, sys_user_sex, sys_user_is_email_active, sys_user_is_mobile_active, sys_user_register_type, sys_user_pay_passwrod, sys_user_icon, sys_user_real_name, sys_user_email, sys_user_mobile, sys_user_weibo_id, sys_user_qq_id]
[2016-12-05 20:23:30.758] -- [TRACE] -- [http-bio-8080-exec-1 >>>> BaseJdbcLogger.java:151 >>>> Method = trace] -- [Content = <==        Row: 1, YouMeek1, e10adc3949ba59abbe56e057f20f883e, 0, N, 2016-02-24 00:12:23.0, 0, 0, 0, Y, Y, 0, e10adc3949ba59abbe56e057f20f883e, , уе╬У╤В1, 363379441@qq.com, 13800000001, , ]
[2016-12-05 20:23:30.758] -- [DEBUG] -- [http-bio-8080-exec-1 >>>> BaseJdbcLogger.java:145 >>>> Method = debug] -- [Content = <==      Total: 1]
[2016-12-05 20:23:30.759] -- [DEBUG] -- [http-bio-8080-exec-1 >>>> SqlSessionUtils.java:188 >>>> Method = closeSqlSession] -- [Content = Releasing transactional SqlSession [org.apache.ibatis.session.defaults.DefaultSqlSession@713e80e2]]
[2016-12-05 20:23:30.759] -- [DEBUG] -- [http-bio-8080-exec-1 >>>> SqlSessionUtils.java:312 >>>> Method = beforeCompletion] -- [Content = Transaction synchronization deregistering SqlSession [org.apache.ibatis.session.defaults.DefaultSqlSession@713e80e2]]
[2016-12-05 20:23:30.759] -- [DEBUG] -- [http-bio-8080-exec-1 >>>> SqlSessionUtils.java:317 >>>> Method = beforeCompletion] -- [Content = Transaction synchronization closing SqlSession [org.apache.ibatis.session.defaults.DefaultSqlSession@713e80e2]]
[2016-12-05 20:23:56.190] -- [DEBUG] -- [http-bio-8080-exec-1 >>>> SqlSessionUtils.java:99 >>>> Method = getSqlSession] -- [Content = Creating a new SqlSession]
[2016-12-05 20:23:56.191] -- [DEBUG] -- [http-bio-8080-exec-1 >>>> SqlSessionUtils.java:130 >>>> Method = registerSessionHolder] -- [Content = Registering transaction synchronization for SqlSession [org.apache.ibatis.session.defaults.DefaultSqlSession@10aace59]]
[2016-12-05 20:23:56.192] -- [DEBUG] -- [http-bio-8080-exec-1 >>>> SpringManagedTransaction.java:87 >>>> Method = openConnection] -- [Content = JDBC Connection [com.alibaba.druid.proxy.jdbc.ConnectionProxyImpl@2eeb5402] will be managed by Spring]
[2016-12-05 20:23:56.192] -- [DEBUG] -- [http-bio-8080-exec-1 >>>> BaseJdbcLogger.java:145 >>>> Method = debug] -- [Content = ==>  Preparing: select sys_user_id, sys_user_login_name, sys_user_login_password, sys_user_status, sys_user_is_delete, sys_user_register_datetime, sys_user_register_source, sys_user_type, sys_user_sex, sys_user_is_email_active, sys_user_is_mobile_active, sys_user_register_type, sys_user_pay_passwrod, sys_user_icon, sys_user_real_name, sys_user_email, sys_user_mobile, sys_user_weibo_id, sys_user_qq_id from sys_user where sys_user_id = ? ]
[2016-12-05 20:23:56.193] -- [DEBUG] -- [http-bio-8080-exec-1 >>>> BaseJdbcLogger.java:145 >>>> Method = debug] -- [Content = ==> Parameters: 1(Long)]
[2016-12-05 20:23:56.195] -- [TRACE] -- [http-bio-8080-exec-1 >>>> BaseJdbcLogger.java:151 >>>> Method = trace] -- [Content = <==    Columns: sys_user_id, sys_user_login_name, sys_user_login_password, sys_user_status, sys_user_is_delete, sys_user_register_datetime, sys_user_register_source, sys_user_type, sys_user_sex, sys_user_is_email_active, sys_user_is_mobile_active, sys_user_register_type, sys_user_pay_passwrod, sys_user_icon, sys_user_real_name, sys_user_email, sys_user_mobile, sys_user_weibo_id, sys_user_qq_id]
[2016-12-05 20:23:56.196] -- [TRACE] -- [http-bio-8080-exec-1 >>>> BaseJdbcLogger.java:151 >>>> Method = trace] -- [Content = <==        Row: 1, YouMeek1, e10adc3949ba59abbe56e057f20f883e, 0, N, 2016-02-24 00:12:23.0, 0, 0, 0, Y, Y, 0, e10adc3949ba59abbe56e057f20f883e, , уе╬У╤В1, 363379441@qq.com, 13800000001, , ]
[2016-12-05 20:23:56.196] -- [DEBUG] -- [http-bio-8080-exec-1 >>>> BaseJdbcLogger.java:145 >>>> Method = debug] -- [Content = <==      Total: 1]
[2016-12-05 20:23:56.197] -- [DEBUG] -- [http-bio-8080-exec-1 >>>> SqlSessionUtils.java:188 >>>> Method = closeSqlSession] -- [Content = Releasing transactional SqlSession [org.apache.ibatis.session.defaults.DefaultSqlSession@10aace59]]
[2016-12-05 20:23:56.197] -- [DEBUG] -- [http-bio-8080-exec-1 >>>> SqlSessionUtils.java:312 >>>> Method = beforeCompletion] -- [Content = Transaction synchronization deregistering SqlSession [org.apache.ibatis.session.defaults.DefaultSqlSession@10aace59]]
[2016-12-05 20:23:56.197] -- [DEBUG] -- [http-bio-8080-exec-1 >>>> SqlSessionUtils.java:317 >>>> Method = beforeCompletion] -- [Content = Transaction synchronization closing SqlSession [org.apache.ibatis.session.defaults.DefaultSqlSession@10aace59]]
[2016-12-05 20:39:48.275] -- [DEBUG] -- [localhost-startStop-1 >>>> LogFactory.java:135 >>>> Method = setImplementation] -- [Content = Logging initialized using 'class org.apache.ibatis.logging.slf4j.Slf4jImpl' adapter.]
[2016-12-05 20:39:48.530] -- [DEBUG] -- [localhost-startStop-1 >>>> SqlSessionFactoryBean.java:458 >>>> Method = buildSqlSessionFactory] -- [Content = Parsed configuration file: 'class path resource [mybatis/mybatis-config.xml]']
[2016-12-05 20:39:48.585] -- [DEBUG] -- [localhost-startStop-1 >>>> SqlSessionFactoryBean.java:490 >>>> Method = buildSqlSessionFactory] -- [Content = Parsed mapper file: 'file [C:\Users\zaber\Desktop\SpringMVC-Spring-MyBatis-master\GUIDE-SSM\target\classes\mapper\SysUserMapper.xml]']
[2016-12-05 20:42:21.934] -- [DEBUG] -- [localhost-startStop-1 >>>> LogFactory.java:135 >>>> Method = setImplementation] -- [Content = Logging initialized using 'class org.apache.ibatis.logging.slf4j.Slf4jImpl' adapter.]
[2016-12-05 20:42:22.102] -- [DEBUG] -- [localhost-startStop-1 >>>> SqlSessionFactoryBean.java:458 >>>> Method = buildSqlSessionFactory] -- [Content = Parsed configuration file: 'class path resource [mybatis/mybatis-config.xml]']
[2016-12-05 20:42:22.163] -- [DEBUG] -- [localhost-startStop-1 >>>> SqlSessionFactoryBean.java:490 >>>> Method = buildSqlSessionFactory] -- [Content = Parsed mapper file: 'file [C:\Users\zaber\Desktop\SpringMVC-Spring-MyBatis-master\GUIDE-SSM\target\classes\mapper\SysUserMapper.xml]']
[2016-12-05 20:48:40.126] -- [DEBUG] -- [localhost-startStop-1 >>>> LogFactory.java:135 >>>> Method = setImplementation] -- [Content = Logging initialized using 'class org.apache.ibatis.logging.slf4j.Slf4jImpl' adapter.]
[2016-12-05 20:48:40.338] -- [DEBUG] -- [localhost-startStop-1 >>>> SqlSessionFactoryBean.java:458 >>>> Method = buildSqlSessionFactory] -- [Content = Parsed configuration file: 'class path resource [mybatis/mybatis-config.xml]']
[2016-12-05 20:48:40.389] -- [DEBUG] -- [localhost-startStop-1 >>>> SqlSessionFactoryBean.java:490 >>>> Method = buildSqlSessionFactory] -- [Content = Parsed mapper file: 'file [C:\Users\zaber\Desktop\SpringMVC-Spring-MyBatis-master\GUIDE-SSM\target\classes\mapper\SysUserMapper.xml]']
[2016-12-05 20:49:28.042] -- [DEBUG] -- [localhost-startStop-1 >>>> LogFactory.java:135 >>>> Method = setImplementation] -- [Content = Logging initialized using 'class org.apache.ibatis.logging.slf4j.Slf4jImpl' adapter.]
[2016-12-05 20:49:28.218] -- [DEBUG] -- [localhost-startStop-1 >>>> SqlSessionFactoryBean.java:458 >>>> Method = buildSqlSessionFactory] -- [Content = Parsed configuration file: 'class path resource [mybatis/mybatis-config.xml]']
[2016-12-05 20:49:28.274] -- [DEBUG] -- [localhost-startStop-1 >>>> SqlSessionFactoryBean.java:490 >>>> Method = buildSqlSessionFactory] -- [Content = Parsed mapper file: 'file [C:\Users\zaber\Desktop\SpringMVC-Spring-MyBatis-master\GUIDE-SSM\target\classes\mapper\SysUserMapper.xml]']
[2016-12-05 20:56:09.293] -- [DEBUG] -- [localhost-startStop-1 >>>> LogFactory.java:135 >>>> Method = setImplementation] -- [Content = Logging initialized using 'class org.apache.ibatis.logging.slf4j.Slf4jImpl' adapter.]
[2016-12-05 20:56:09.455] -- [DEBUG] -- [localhost-startStop-1 >>>> SqlSessionFactoryBean.java:458 >>>> Method = buildSqlSessionFactory] -- [Content = Parsed configuration file: 'class path resource [mybatis/mybatis-config.xml]']
[2016-12-05 20:56:09.510] -- [DEBUG] -- [localhost-startStop-1 >>>> SqlSessionFactoryBean.java:490 >>>> Method = buildSqlSessionFactory] -- [Content = Parsed mapper file: 'file [C:\Users\zaber\Desktop\SpringMVC-Spring-MyBatis-master\GUIDE-SSM\target\classes\mapper\SysUserMapper.xml]']
[2016-12-05 21:02:26.964] -- [DEBUG] -- [localhost-startStop-1 >>>> LogFactory.java:135 >>>> Method = setImplementation] -- [Content = Logging initialized using 'class org.apache.ibatis.logging.slf4j.Slf4jImpl' adapter.]
[2016-12-05 21:02:27.107] -- [DEBUG] -- [localhost-startStop-1 >>>> SqlSessionFactoryBean.java:458 >>>> Method = buildSqlSessionFactory] -- [Content = Parsed configuration file: 'class path resource [mybatis/mybatis-config.xml]']
[2016-12-05 21:02:27.153] -- [DEBUG] -- [localhost-startStop-1 >>>> SqlSessionFactoryBean.java:490 >>>> Method = buildSqlSessionFactory] -- [Content = Parsed mapper file: 'file [C:\Users\zaber\Desktop\SpringMVC-Spring-MyBatis-master\GUIDE-SSM\target\classes\mapper\SysUserMapper.xml]']
[2016-12-05 21:03:17.635] -- [DEBUG] -- [localhost-startStop-1 >>>> LogFactory.java:135 >>>> Method = setImplementation] -- [Content = Logging initialized using 'class org.apache.ibatis.logging.slf4j.Slf4jImpl' adapter.]
[2016-12-05 21:03:17.848] -- [DEBUG] -- [localhost-startStop-1 >>>> SqlSessionFactoryBean.java:458 >>>> Method = buildSqlSessionFactory] -- [Content = Parsed configuration file: 'class path resource [mybatis/mybatis-config.xml]']
[2016-12-05 21:03:17.902] -- [DEBUG] -- [localhost-startStop-1 >>>> SqlSessionFactoryBean.java:490 >>>> Method = buildSqlSessionFactory] -- [Content = Parsed mapper file: 'file [C:\Users\zaber\Desktop\SpringMVC-Spring-MyBatis-master\GUIDE-SSM\target\classes\mapper\SysUserMapper.xml]']
[2016-12-05 21:05:21.232] -- [DEBUG] -- [localhost-startStop-1 >>>> LogFactory.java:135 >>>> Method = setImplementation] -- [Content = Logging initialized using 'class org.apache.ibatis.logging.slf4j.Slf4jImpl' adapter.]
[2016-12-05 21:05:21.386] -- [DEBUG] -- [localhost-startStop-1 >>>> SqlSessionFactoryBean.java:458 >>>> Method = buildSqlSessionFactory] -- [Content = Parsed configuration file: 'class path resource [mybatis/mybatis-config.xml]']
[2016-12-05 21:05:21.435] -- [DEBUG] -- [localhost-startStop-1 >>>> SqlSessionFactoryBean.java:490 >>>> Method = buildSqlSessionFactory] -- [Content = Parsed mapper file: 'file [C:\Users\zaber\Desktop\SpringMVC-Spring-MyBatis-master\GUIDE-SSM\target\classes\mapper\SysUserMapper.xml]']
[2016-12-05 21:08:27.195] -- [DEBUG] -- [http-bio-8080-exec-5 >>>> SqlSessionUtils.java:99 >>>> Method = getSqlSession] -- [Content = Creating a new SqlSession]
[2016-12-05 21:08:27.199] -- [DEBUG] -- [http-bio-8080-exec-5 >>>> SqlSessionUtils.java:130 >>>> Method = registerSessionHolder] -- [Content = Registering transaction synchronization for SqlSession [org.apache.ibatis.session.defaults.DefaultSqlSession@6c36d927]]
[2016-12-05 21:08:27.213] -- [DEBUG] -- [http-bio-8080-exec-5 >>>> SpringManagedTransaction.java:87 >>>> Method = openConnection] -- [Content = JDBC Connection [com.alibaba.druid.proxy.jdbc.ConnectionProxyImpl@1a8b8206] will be managed by Spring]
[2016-12-05 21:08:27.216] -- [DEBUG] -- [http-bio-8080-exec-5 >>>> BaseJdbcLogger.java:145 >>>> Method = debug] -- [Content = ==>  Preparing: select sys_user_id, sys_user_login_name, sys_user_login_password, sys_user_status, sys_user_is_delete, sys_user_register_datetime, sys_user_register_source, sys_user_type, sys_user_sex, sys_user_is_email_active, sys_user_is_mobile_active, sys_user_register_type, sys_user_pay_passwrod, sys_user_icon, sys_user_real_name, sys_user_email, sys_user_mobile, sys_user_weibo_id, sys_user_qq_id from sys_user where sys_user_id = ? ]
[2016-12-05 21:08:27.241] -- [DEBUG] -- [http-bio-8080-exec-5 >>>> BaseJdbcLogger.java:145 >>>> Method = debug] -- [Content = ==> Parameters: 1(Long)]
[2016-12-05 21:08:27.261] -- [TRACE] -- [http-bio-8080-exec-5 >>>> BaseJdbcLogger.java:151 >>>> Method = trace] -- [Content = <==    Columns: sys_user_id, sys_user_login_name, sys_user_login_password, sys_user_status, sys_user_is_delete, sys_user_register_datetime, sys_user_register_source, sys_user_type, sys_user_sex, sys_user_is_email_active, sys_user_is_mobile_active, sys_user_register_type, sys_user_pay_passwrod, sys_user_icon, sys_user_real_name, sys_user_email, sys_user_mobile, sys_user_weibo_id, sys_user_qq_id]
[2016-12-05 21:08:27.261] -- [TRACE] -- [http-bio-8080-exec-5 >>>> BaseJdbcLogger.java:151 >>>> Method = trace] -- [Content = <==        Row: 1, YouMeek1, e10adc3949ba59abbe56e057f20f883e, 0, N, 2016-02-24 00:12:23.0, 0, 0, 0, Y, Y, 0, e10adc3949ba59abbe56e057f20f883e, , уе╬У╤В1, 363379441@qq.com, 13800000001, , ]
[2016-12-05 21:08:27.264] -- [DEBUG] -- [http-bio-8080-exec-5 >>>> BaseJdbcLogger.java:145 >>>> Method = debug] -- [Content = <==      Total: 1]
[2016-12-05 21:08:27.265] -- [DEBUG] -- [http-bio-8080-exec-5 >>>> SqlSessionUtils.java:188 >>>> Method = closeSqlSession] -- [Content = Releasing transactional SqlSession [org.apache.ibatis.session.defaults.DefaultSqlSession@6c36d927]]
[2016-12-05 21:08:27.265] -- [DEBUG] -- [http-bio-8080-exec-5 >>>> SqlSessionUtils.java:312 >>>> Method = beforeCompletion] -- [Content = Transaction synchronization deregistering SqlSession [org.apache.ibatis.session.defaults.DefaultSqlSession@6c36d927]]
[2016-12-05 21:08:27.266] -- [DEBUG] -- [http-bio-8080-exec-5 >>>> SqlSessionUtils.java:317 >>>> Method = beforeCompletion] -- [Content = Transaction synchronization closing SqlSession [org.apache.ibatis.session.defaults.DefaultSqlSession@6c36d927]]
[2016-12-05 21:08:56.995] -- [DEBUG] -- [localhost-startStop-1 >>>> LogFactory.java:135 >>>> Method = setImplementation] -- [Content = Logging initialized using 'class org.apache.ibatis.logging.slf4j.Slf4jImpl' adapter.]
[2016-12-05 21:08:57.196] -- [DEBUG] -- [localhost-startStop-1 >>>> SqlSessionFactoryBean.java:458 >>>> Method = buildSqlSessionFactory] -- [Content = Parsed configuration file: 'class path resource [mybatis/mybatis-config.xml]']
[2016-12-05 21:08:57.252] -- [DEBUG] -- [localhost-startStop-1 >>>> SqlSessionFactoryBean.java:490 >>>> Method = buildSqlSessionFactory] -- [Content = Parsed mapper file: 'file [C:\Users\zaber\Desktop\SpringMVC-Spring-MyBatis-master\GUIDE-SSM\target\classes\mapper\SysUserMapper.xml]']
[2016-12-05 21:09:01.016] -- [DEBUG] -- [http-bio-8080-exec-1 >>>> SqlSessionUtils.java:99 >>>> Method = getSqlSession] -- [Content = Creating a new SqlSession]
[2016-12-05 21:09:01.021] -- [DEBUG] -- [http-bio-8080-exec-1 >>>> SqlSessionUtils.java:130 >>>> Method = registerSessionHolder] -- [Content = Registering transaction synchronization for SqlSession [org.apache.ibatis.session.defaults.DefaultSqlSession@129c88cd]]
[2016-12-05 21:09:01.036] -- [DEBUG] -- [http-bio-8080-exec-1 >>>> SpringManagedTransaction.java:87 >>>> Method = openConnection] -- [Content = JDBC Connection [com.alibaba.druid.proxy.jdbc.ConnectionProxyImpl@51e4f775] will be managed by Spring]
[2016-12-05 21:09:01.043] -- [DEBUG] -- [http-bio-8080-exec-1 >>>> BaseJdbcLogger.java:145 >>>> Method = debug] -- [Content = ==>  Preparing: select sys_user_id, sys_user_login_name, sys_user_login_password, sys_user_status, sys_user_is_delete, sys_user_register_datetime, sys_user_register_source, sys_user_type, sys_user_sex, sys_user_is_email_active, sys_user_is_mobile_active, sys_user_register_type, sys_user_pay_passwrod, sys_user_icon, sys_user_real_name, sys_user_email, sys_user_mobile, sys_user_weibo_id, sys_user_qq_id from sys_user where sys_user_id = ? ]
[2016-12-05 21:09:01.080] -- [DEBUG] -- [http-bio-8080-exec-1 >>>> BaseJdbcLogger.java:145 >>>> Method = debug] -- [Content = ==> Parameters: 1(Long)]
[2016-12-05 21:09:01.104] -- [TRACE] -- [http-bio-8080-exec-1 >>>> BaseJdbcLogger.java:151 >>>> Method = trace] -- [Content = <==    Columns: sys_user_id, sys_user_login_name, sys_user_login_password, sys_user_status, sys_user_is_delete, sys_user_register_datetime, sys_user_register_source, sys_user_type, sys_user_sex, sys_user_is_email_active, sys_user_is_mobile_active, sys_user_register_type, sys_user_pay_passwrod, sys_user_icon, sys_user_real_name, sys_user_email, sys_user_mobile, sys_user_weibo_id, sys_user_qq_id]
[2016-12-05 21:09:01.105] -- [TRACE] -- [http-bio-8080-exec-1 >>>> BaseJdbcLogger.java:151 >>>> Method = trace] -- [Content = <==        Row: 1, YouMeek1, e10adc3949ba59abbe56e057f20f883e, 0, N, 2016-02-24 00:12:23.0, 0, 0, 0, Y, Y, 0, e10adc3949ba59abbe56e057f20f883e, , уе╬У╤В1, 363379441@qq.com, 13800000001, , ]
[2016-12-05 21:09:01.108] -- [DEBUG] -- [http-bio-8080-exec-1 >>>> BaseJdbcLogger.java:145 >>>> Method = debug] -- [Content = <==      Total: 1]
[2016-12-05 21:09:01.110] -- [DEBUG] -- [http-bio-8080-exec-1 >>>> SqlSessionUtils.java:188 >>>> Method = closeSqlSession] -- [Content = Releasing transactional SqlSession [org.apache.ibatis.session.defaults.DefaultSqlSession@129c88cd]]
[2016-12-05 21:09:01.111] -- [DEBUG] -- [http-bio-8080-exec-1 >>>> SqlSessionUtils.java:312 >>>> Method = beforeCompletion] -- [Content = Transaction synchronization deregistering SqlSession [org.apache.ibatis.session.defaults.DefaultSqlSession@129c88cd]]
[2016-12-05 21:09:01.111] -- [DEBUG] -- [http-bio-8080-exec-1 >>>> SqlSessionUtils.java:317 >>>> Method = beforeCompletion] -- [Content = Transaction synchronization closing SqlSession [org.apache.ibatis.session.defaults.DefaultSqlSession@129c88cd]]
[2016-12-05 21:10:09.838] -- [DEBUG] -- [localhost-startStop-1 >>>> LogFactory.java:135 >>>> Method = setImplementation] -- [Content = Logging initialized using 'class org.apache.ibatis.logging.slf4j.Slf4jImpl' adapter.]
[2016-12-05 21:10:09.969] -- [DEBUG] -- [localhost-startStop-1 >>>> SqlSessionFactoryBean.java:458 >>>> Method = buildSqlSessionFactory] -- [Content = Parsed configuration file: 'class path resource [mybatis/mybatis-config.xml]']
[2016-12-05 21:10:10.014] -- [DEBUG] -- [localhost-startStop-1 >>>> SqlSessionFactoryBean.java:490 >>>> Method = buildSqlSessionFactory] -- [Content = Parsed mapper file: 'file [C:\Users\zaber\Desktop\SpringMVC-Spring-MyBatis-master\GUIDE-SSM\target\classes\mapper\SysUserMapper.xml]']
[2016-12-05 21:10:42.622] -- [DEBUG] -- [http-bio-8080-exec-1 >>>> SqlSessionUtils.java:99 >>>> Method = getSqlSession] -- [Content = Creating a new SqlSession]
[2016-12-05 21:10:42.626] -- [DEBUG] -- [http-bio-8080-exec-1 >>>> SqlSessionUtils.java:130 >>>> Method = registerSessionHolder] -- [Content = Registering transaction synchronization for SqlSession [org.apache.ibatis.session.defaults.DefaultSqlSession@e3b7d03]]
[2016-12-05 21:10:42.638] -- [DEBUG] -- [http-bio-8080-exec-1 >>>> SpringManagedTransaction.java:87 >>>> Method = openConnection] -- [Content = JDBC Connection [com.alibaba.druid.proxy.jdbc.ConnectionProxyImpl@26d127a] will be managed by Spring]
[2016-12-05 21:10:42.642] -- [DEBUG] -- [http-bio-8080-exec-1 >>>> BaseJdbcLogger.java:145 >>>> Method = debug] -- [Content = ==>  Preparing: select sys_user_id, sys_user_login_name, sys_user_login_password, sys_user_status, sys_user_is_delete, sys_user_register_datetime, sys_user_register_source, sys_user_type, sys_user_sex, sys_user_is_email_active, sys_user_is_mobile_active, sys_user_register_type, sys_user_pay_passwrod, sys_user_icon, sys_user_real_name, sys_user_email, sys_user_mobile, sys_user_weibo_id, sys_user_qq_id from sys_user where sys_user_id = ? ]
[2016-12-05 21:10:42.667] -- [DEBUG] -- [http-bio-8080-exec-1 >>>> BaseJdbcLogger.java:145 >>>> Method = debug] -- [Content = ==> Parameters: 1(Long)]
[2016-12-05 21:10:42.688] -- [TRACE] -- [http-bio-8080-exec-1 >>>> BaseJdbcLogger.java:151 >>>> Method = trace] -- [Content = <==    Columns: sys_user_id, sys_user_login_name, sys_user_login_password, sys_user_status, sys_user_is_delete, sys_user_register_datetime, sys_user_register_source, sys_user_type, sys_user_sex, sys_user_is_email_active, sys_user_is_mobile_active, sys_user_register_type, sys_user_pay_passwrod, sys_user_icon, sys_user_real_name, sys_user_email, sys_user_mobile, sys_user_weibo_id, sys_user_qq_id]
[2016-12-05 21:10:42.688] -- [TRACE] -- [http-bio-8080-exec-1 >>>> BaseJdbcLogger.java:151 >>>> Method = trace] -- [Content = <==        Row: 1, YouMeek1, e10adc3949ba59abbe56e057f20f883e, 0, N, 2016-02-24 00:12:23.0, 0, 0, 0, Y, Y, 0, e10adc3949ba59abbe56e057f20f883e, , уе╬У╤В1, 363379441@qq.com, 13800000001, , ]
[2016-12-05 21:10:42.691] -- [DEBUG] -- [http-bio-8080-exec-1 >>>> BaseJdbcLogger.java:145 >>>> Method = debug] -- [Content = <==      Total: 1]
[2016-12-05 21:10:42.691] -- [DEBUG] -- [http-bio-8080-exec-1 >>>> SqlSessionUtils.java:188 >>>> Method = closeSqlSession] -- [Content = Releasing transactional SqlSession [org.apache.ibatis.session.defaults.DefaultSqlSession@e3b7d03]]
[2016-12-05 21:10:42.692] -- [DEBUG] -- [http-bio-8080-exec-1 >>>> SqlSessionUtils.java:312 >>>> Method = beforeCompletion] -- [Content = Transaction synchronization deregistering SqlSession [org.apache.ibatis.session.defaults.DefaultSqlSession@e3b7d03]]
[2016-12-05 21:10:42.692] -- [DEBUG] -- [http-bio-8080-exec-1 >>>> SqlSessionUtils.java:317 >>>> Method = beforeCompletion] -- [Content = Transaction synchronization closing SqlSession [org.apache.ibatis.session.defaults.DefaultSqlSession@e3b7d03]]
[2016-12-05 21:13:29.435] -- [DEBUG] -- [http-bio-8080-exec-4 >>>> SqlSessionUtils.java:99 >>>> Method = getSqlSession] -- [Content = Creating a new SqlSession]
[2016-12-05 21:13:29.436] -- [DEBUG] -- [http-bio-8080-exec-4 >>>> SqlSessionUtils.java:130 >>>> Method = registerSessionHolder] -- [Content = Registering transaction synchronization for SqlSession [org.apache.ibatis.session.defaults.DefaultSqlSession@7a28396d]]
[2016-12-05 21:13:29.437] -- [DEBUG] -- [http-bio-8080-exec-4 >>>> SpringManagedTransaction.java:87 >>>> Method = openConnection] -- [Content = JDBC Connection [com.alibaba.druid.proxy.jdbc.ConnectionProxyImpl@26d127a] will be managed by Spring]
[2016-12-05 21:13:29.439] -- [DEBUG] -- [http-bio-8080-exec-4 >>>> BaseJdbcLogger.java:145 >>>> Method = debug] -- [Content = ==>  Preparing: select sys_user_id, sys_user_login_name, sys_user_login_password, sys_user_status, sys_user_is_delete, sys_user_register_datetime, sys_user_register_source, sys_user_type, sys_user_sex, sys_user_is_email_active, sys_user_is_mobile_active, sys_user_register_type, sys_user_pay_passwrod, sys_user_icon, sys_user_real_name, sys_user_email, sys_user_mobile, sys_user_weibo_id, sys_user_qq_id from sys_user where sys_user_id = ? ]
[2016-12-05 21:13:29.441] -- [DEBUG] -- [http-bio-8080-exec-4 >>>> BaseJdbcLogger.java:145 >>>> Method = debug] -- [Content = ==> Parameters: 1(Long)]
[2016-12-05 21:13:29.443] -- [TRACE] -- [http-bio-8080-exec-4 >>>> BaseJdbcLogger.java:151 >>>> Method = trace] -- [Content = <==    Columns: sys_user_id, sys_user_login_name, sys_user_login_password, sys_user_status, sys_user_is_delete, sys_user_register_datetime, sys_user_register_source, sys_user_type, sys_user_sex, sys_user_is_email_active, sys_user_is_mobile_active, sys_user_register_type, sys_user_pay_passwrod, sys_user_icon, sys_user_real_name, sys_user_email, sys_user_mobile, sys_user_weibo_id, sys_user_qq_id]
[2016-12-05 21:13:29.444] -- [TRACE] -- [http-bio-8080-exec-4 >>>> BaseJdbcLogger.java:151 >>>> Method = trace] -- [Content = <==        Row: 1, YouMeek1, e10adc3949ba59abbe56e057f20f883e, 0, N, 2016-02-24 00:12:23.0, 0, 0, 0, Y, Y, 0, e10adc3949ba59abbe56e057f20f883e, , уе╬У╤В1, 363379441@qq.com, 13800000001, , ]
[2016-12-05 21:13:29.445] -- [DEBUG] -- [http-bio-8080-exec-4 >>>> BaseJdbcLogger.java:145 >>>> Method = debug] -- [Content = <==      Total: 1]
[2016-12-05 21:13:29.446] -- [DEBUG] -- [http-bio-8080-exec-4 >>>> SqlSessionUtils.java:188 >>>> Method = closeSqlSession] -- [Content = Releasing transactional SqlSession [org.apache.ibatis.session.defaults.DefaultSqlSession@7a28396d]]
[2016-12-05 21:13:29.446] -- [DEBUG] -- [http-bio-8080-exec-4 >>>> SqlSessionUtils.java:312 >>>> Method = beforeCompletion] -- [Content = Transaction synchronization deregistering SqlSession [org.apache.ibatis.session.defaults.DefaultSqlSession@7a28396d]]
[2016-12-05 21:13:29.447] -- [DEBUG] -- [http-bio-8080-exec-4 >>>> SqlSessionUtils.java:317 >>>> Method = beforeCompletion] -- [Content = Transaction synchronization closing SqlSession [org.apache.ibatis.session.defaults.DefaultSqlSession@7a28396d]]
[2016-12-05 21:14:49.609] -- [DEBUG] -- [http-bio-8080-exec-7 >>>> SqlSessionUtils.java:99 >>>> Method = getSqlSession] -- [Content = Creating a new SqlSession]
[2016-12-05 21:14:49.610] -- [DEBUG] -- [http-bio-8080-exec-7 >>>> SqlSessionUtils.java:130 >>>> Method = registerSessionHolder] -- [Content = Registering transaction synchronization for SqlSession [org.apache.ibatis.session.defaults.DefaultSqlSession@3e726108]]
[2016-12-05 21:14:49.611] -- [DEBUG] -- [http-bio-8080-exec-7 >>>> SpringManagedTransaction.java:87 >>>> Method = openConnection] -- [Content = JDBC Connection [com.alibaba.druid.proxy.jdbc.ConnectionProxyImpl@26d127a] will be managed by Spring]
[2016-12-05 21:14:49.611] -- [DEBUG] -- [http-bio-8080-exec-7 >>>> BaseJdbcLogger.java:145 >>>> Method = debug] -- [Content = ==>  Preparing: select sys_user_id, sys_user_login_name, sys_user_login_password, sys_user_status, sys_user_is_delete, sys_user_register_datetime, sys_user_register_source, sys_user_type, sys_user_sex, sys_user_is_email_active, sys_user_is_mobile_active, sys_user_register_type, sys_user_pay_passwrod, sys_user_icon, sys_user_real_name, sys_user_email, sys_user_mobile, sys_user_weibo_id, sys_user_qq_id from sys_user where sys_user_id = ? ]
[2016-12-05 21:14:49.611] -- [DEBUG] -- [http-bio-8080-exec-7 >>>> BaseJdbcLogger.java:145 >>>> Method = debug] -- [Content = ==> Parameters: 1(Long)]
[2016-12-05 21:14:49.613] -- [TRACE] -- [http-bio-8080-exec-7 >>>> BaseJdbcLogger.java:151 >>>> Method = trace] -- [Content = <==    Columns: sys_user_id, sys_user_login_name, sys_user_login_password, sys_user_status, sys_user_is_delete, sys_user_register_datetime, sys_user_register_source, sys_user_type, sys_user_sex, sys_user_is_email_active, sys_user_is_mobile_active, sys_user_register_type, sys_user_pay_passwrod, sys_user_icon, sys_user_real_name, sys_user_email, sys_user_mobile, sys_user_weibo_id, sys_user_qq_id]
[2016-12-05 21:14:49.614] -- [TRACE] -- [http-bio-8080-exec-7 >>>> BaseJdbcLogger.java:151 >>>> Method = trace] -- [Content = <==        Row: 1, YouMeek1, e10adc3949ba59abbe56e057f20f883e, 0, N, 2016-02-24 00:12:23.0, 0, 0, 0, Y, Y, 0, e10adc3949ba59abbe56e057f20f883e, , уе╬У╤В1, 363379441@qq.com, 13800000001, , ]
[2016-12-05 21:14:49.614] -- [DEBUG] -- [http-bio-8080-exec-7 >>>> BaseJdbcLogger.java:145 >>>> Method = debug] -- [Content = <==      Total: 1]
[2016-12-05 21:14:49.615] -- [DEBUG] -- [http-bio-8080-exec-7 >>>> SqlSessionUtils.java:188 >>>> Method = closeSqlSession] -- [Content = Releasing transactional SqlSession [org.apache.ibatis.session.defaults.DefaultSqlSession@3e726108]]
[2016-12-05 21:14:49.615] -- [DEBUG] -- [http-bio-8080-exec-7 >>>> SqlSessionUtils.java:312 >>>> Method = beforeCompletion] -- [Content = Transaction synchronization deregistering SqlSession [org.apache.ibatis.session.defaults.DefaultSqlSession@3e726108]]
[2016-12-05 21:14:49.615] -- [DEBUG] -- [http-bio-8080-exec-7 >>>> SqlSessionUtils.java:317 >>>> Method = beforeCompletion] -- [Content = Transaction synchronization closing SqlSession [org.apache.ibatis.session.defaults.DefaultSqlSession@3e726108]]
[2016-12-05 21:15:09.629] -- [DEBUG] -- [http-bio-8080-exec-9 >>>> SqlSessionUtils.java:99 >>>> Method = getSqlSession] -- [Content = Creating a new SqlSession]
[2016-12-05 21:15:09.629] -- [DEBUG] -- [http-bio-8080-exec-9 >>>> SqlSessionUtils.java:130 >>>> Method = registerSessionHolder] -- [Content = Registering transaction synchronization for SqlSession [org.apache.ibatis.session.defaults.DefaultSqlSession@6087b319]]
[2016-12-05 21:15:09.629] -- [DEBUG] -- [http-bio-8080-exec-9 >>>> SpringManagedTransaction.java:87 >>>> Method = openConnection] -- [Content = JDBC Connection [com.alibaba.druid.proxy.jdbc.ConnectionProxyImpl@26d127a] will be managed by Spring]
[2016-12-05 21:15:09.630] -- [DEBUG] -- [http-bio-8080-exec-9 >>>> BaseJdbcLogger.java:145 >>>> Method = debug] -- [Content = ==>  Preparing: select sys_user_id, sys_user_login_name, sys_user_login_password, sys_user_status, sys_user_is_delete, sys_user_register_datetime, sys_user_register_source, sys_user_type, sys_user_sex, sys_user_is_email_active, sys_user_is_mobile_active, sys_user_register_type, sys_user_pay_passwrod, sys_user_icon, sys_user_real_name, sys_user_email, sys_user_mobile, sys_user_weibo_id, sys_user_qq_id from sys_user where sys_user_id = ? ]
[2016-12-05 21:15:09.630] -- [DEBUG] -- [http-bio-8080-exec-9 >>>> BaseJdbcLogger.java:145 >>>> Method = debug] -- [Content = ==> Parameters: 1(Long)]
[2016-12-05 21:15:09.632] -- [TRACE] -- [http-bio-8080-exec-9 >>>> BaseJdbcLogger.java:151 >>>> Method = trace] -- [Content = <==    Columns: sys_user_id, sys_user_login_name, sys_user_login_password, sys_user_status, sys_user_is_delete, sys_user_register_datetime, sys_user_register_source, sys_user_type, sys_user_sex, sys_user_is_email_active, sys_user_is_mobile_active, sys_user_register_type, sys_user_pay_passwrod, sys_user_icon, sys_user_real_name, sys_user_email, sys_user_mobile, sys_user_weibo_id, sys_user_qq_id]
[2016-12-05 21:15:09.633] -- [TRACE] -- [http-bio-8080-exec-9 >>>> BaseJdbcLogger.java:151 >>>> Method = trace] -- [Content = <==        Row: 1, YouMeek1, e10adc3949ba59abbe56e057f20f883e, 0, N, 2016-02-24 00:12:23.0, 0, 0, 0, Y, Y, 0, e10adc3949ba59abbe56e057f20f883e, , уе╬У╤В1, 363379441@qq.com, 13800000001, , ]
[2016-12-05 21:15:09.633] -- [DEBUG] -- [http-bio-8080-exec-9 >>>> BaseJdbcLogger.java:145 >>>> Method = debug] -- [Content = <==      Total: 1]
[2016-12-05 21:15:09.634] -- [DEBUG] -- [http-bio-8080-exec-9 >>>> SqlSessionUtils.java:188 >>>> Method = closeSqlSession] -- [Content = Releasing transactional SqlSession [org.apache.ibatis.session.defaults.DefaultSqlSession@6087b319]]
[2016-12-05 21:15:09.634] -- [DEBUG] -- [http-bio-8080-exec-9 >>>> SqlSessionUtils.java:312 >>>> Method = beforeCompletion] -- [Content = Transaction synchronization deregistering SqlSession [org.apache.ibatis.session.defaults.DefaultSqlSession@6087b319]]
[2016-12-05 21:15:09.634] -- [DEBUG] -- [http-bio-8080-exec-9 >>>> SqlSessionUtils.java:317 >>>> Method = beforeCompletion] -- [Content = Transaction synchronization closing SqlSession [org.apache.ibatis.session.defaults.DefaultSqlSession@6087b319]]
[2016-12-05 21:16:16.829] -- [DEBUG] -- [http-bio-8080-exec-2 >>>> SqlSessionUtils.java:99 >>>> Method = getSqlSession] -- [Content = Creating a new SqlSession]
[2016-12-05 21:16:16.829] -- [DEBUG] -- [http-bio-8080-exec-2 >>>> SqlSessionUtils.java:130 >>>> Method = registerSessionHolder] -- [Content = Registering transaction synchronization for SqlSession [org.apache.ibatis.session.defaults.DefaultSqlSession@24c12b71]]
[2016-12-05 21:16:16.830] -- [DEBUG] -- [http-bio-8080-exec-2 >>>> SpringManagedTransaction.java:87 >>>> Method = openConnection] -- [Content = JDBC Connection [com.alibaba.druid.proxy.jdbc.ConnectionProxyImpl@26d127a] will be managed by Spring]
[2016-12-05 21:16:16.830] -- [DEBUG] -- [http-bio-8080-exec-2 >>>> BaseJdbcLogger.java:145 >>>> Method = debug] -- [Content = ==>  Preparing: select sys_user_id, sys_user_login_name, sys_user_login_password, sys_user_status, sys_user_is_delete, sys_user_register_datetime, sys_user_register_source, sys_user_type, sys_user_sex, sys_user_is_email_active, sys_user_is_mobile_active, sys_user_register_type, sys_user_pay_passwrod, sys_user_icon, sys_user_real_name, sys_user_email, sys_user_mobile, sys_user_weibo_id, sys_user_qq_id from sys_user where sys_user_id = ? ]
[2016-12-05 21:16:16.831] -- [DEBUG] -- [http-bio-8080-exec-2 >>>> BaseJdbcLogger.java:145 >>>> Method = debug] -- [Content = ==> Parameters: 1(Long)]
[2016-12-05 21:16:16.833] -- [TRACE] -- [http-bio-8080-exec-2 >>>> BaseJdbcLogger.java:151 >>>> Method = trace] -- [Content = <==    Columns: sys_user_id, sys_user_login_name, sys_user_login_password, sys_user_status, sys_user_is_delete, sys_user_register_datetime, sys_user_register_source, sys_user_type, sys_user_sex, sys_user_is_email_active, sys_user_is_mobile_active, sys_user_register_type, sys_user_pay_passwrod, sys_user_icon, sys_user_real_name, sys_user_email, sys_user_mobile, sys_user_weibo_id, sys_user_qq_id]
[2016-12-05 21:16:16.833] -- [TRACE] -- [http-bio-8080-exec-2 >>>> BaseJdbcLogger.java:151 >>>> Method = trace] -- [Content = <==        Row: 1, YouMeek1, e10adc3949ba59abbe56e057f20f883e, 0, N, 2016-02-24 00:12:23.0, 0, 0, 0, Y, Y, 0, e10adc3949ba59abbe56e057f20f883e, , уе╬У╤В1, 363379441@qq.com, 13800000001, , ]
[2016-12-05 21:16:16.833] -- [DEBUG] -- [http-bio-8080-exec-2 >>>> BaseJdbcLogger.java:145 >>>> Method = debug] -- [Content = <==      Total: 1]
[2016-12-05 21:16:16.834] -- [DEBUG] -- [http-bio-8080-exec-2 >>>> SqlSessionUtils.java:188 >>>> Method = closeSqlSession] -- [Content = Releasing transactional SqlSession [org.apache.ibatis.session.defaults.DefaultSqlSession@24c12b71]]
[2016-12-05 21:16:16.834] -- [DEBUG] -- [http-bio-8080-exec-2 >>>> SqlSessionUtils.java:312 >>>> Method = beforeCompletion] -- [Content = Transaction synchronization deregistering SqlSession [org.apache.ibatis.session.defaults.DefaultSqlSession@24c12b71]]
[2016-12-05 21:16:16.835] -- [DEBUG] -- [http-bio-8080-exec-2 >>>> SqlSessionUtils.java:317 >>>> Method = beforeCompletion] -- [Content = Transaction synchronization closing SqlSession [org.apache.ibatis.session.defaults.DefaultSqlSession@24c12b71]]
[2016-12-05 21:16:29.587] -- [DEBUG] -- [http-bio-8080-exec-2 >>>> SqlSessionUtils.java:99 >>>> Method = getSqlSession] -- [Content = Creating a new SqlSession]
[2016-12-05 21:16:29.588] -- [DEBUG] -- [http-bio-8080-exec-2 >>>> SqlSessionUtils.java:130 >>>> Method = registerSessionHolder] -- [Content = Registering transaction synchronization for SqlSession [org.apache.ibatis.session.defaults.DefaultSqlSession@6c445752]]
[2016-12-05 21:16:29.590] -- [DEBUG] -- [http-bio-8080-exec-2 >>>> SpringManagedTransaction.java:87 >>>> Method = openConnection] -- [Content = JDBC Connection [com.alibaba.druid.proxy.jdbc.ConnectionProxyImpl@26d127a] will be managed by Spring]
[2016-12-05 21:16:29.591] -- [DEBUG] -- [http-bio-8080-exec-2 >>>> BaseJdbcLogger.java:145 >>>> Method = debug] -- [Content = ==>  Preparing: select sys_user_id, sys_user_login_name, sys_user_login_password, sys_user_status, sys_user_is_delete, sys_user_register_datetime, sys_user_register_source, sys_user_type, sys_user_sex, sys_user_is_email_active, sys_user_is_mobile_active, sys_user_register_type, sys_user_pay_passwrod, sys_user_icon, sys_user_real_name, sys_user_email, sys_user_mobile, sys_user_weibo_id, sys_user_qq_id from sys_user where sys_user_id = ? ]
[2016-12-05 21:16:29.592] -- [DEBUG] -- [http-bio-8080-exec-2 >>>> BaseJdbcLogger.java:145 >>>> Method = debug] -- [Content = ==> Parameters: 1(Long)]
[2016-12-05 21:16:29.597] -- [TRACE] -- [http-bio-8080-exec-2 >>>> BaseJdbcLogger.java:151 >>>> Method = trace] -- [Content = <==    Columns: sys_user_id, sys_user_login_name, sys_user_login_password, sys_user_status, sys_user_is_delete, sys_user_register_datetime, sys_user_register_source, sys_user_type, sys_user_sex, sys_user_is_email_active, sys_user_is_mobile_active, sys_user_register_type, sys_user_pay_passwrod, sys_user_icon, sys_user_real_name, sys_user_email, sys_user_mobile, sys_user_weibo_id, sys_user_qq_id]
[2016-12-05 21:16:29.599] -- [TRACE] -- [http-bio-8080-exec-2 >>>> BaseJdbcLogger.java:151 >>>> Method = trace] -- [Content = <==        Row: 1, YouMeek1, e10adc3949ba59abbe56e057f20f883e, 0, N, 2016-02-24 00:12:23.0, 0, 0, 0, Y, Y, 0, e10adc3949ba59abbe56e057f20f883e, , уе╬У╤В1, 363379441@qq.com, 13800000001, , ]
[2016-12-05 21:16:29.602] -- [DEBUG] -- [http-bio-8080-exec-2 >>>> BaseJdbcLogger.java:145 >>>> Method = debug] -- [Content = <==      Total: 1]
[2016-12-05 21:16:29.603] -- [DEBUG] -- [http-bio-8080-exec-2 >>>> SqlSessionUtils.java:188 >>>> Method = closeSqlSession] -- [Content = Releasing transactional SqlSession [org.apache.ibatis.session.defaults.DefaultSqlSession@6c445752]]
[2016-12-05 21:16:29.604] -- [DEBUG] -- [http-bio-8080-exec-2 >>>> SqlSessionUtils.java:312 >>>> Method = beforeCompletion] -- [Content = Transaction synchronization deregistering SqlSession [org.apache.ibatis.session.defaults.DefaultSqlSession@6c445752]]
[2016-12-05 21:16:29.605] -- [DEBUG] -- [http-bio-8080-exec-2 >>>> SqlSessionUtils.java:317 >>>> Method = beforeCompletion] -- [Content = Transaction synchronization closing SqlSession [org.apache.ibatis.session.defaults.DefaultSqlSession@6c445752]]
[2016-12-05 21:16:42.658] -- [DEBUG] -- [localhost-startStop-1 >>>> LogFactory.java:135 >>>> Method = setImplementation] -- [Content = Logging initialized using 'class org.apache.ibatis.logging.slf4j.Slf4jImpl' adapter.]
[2016-12-05 21:16:42.818] -- [DEBUG] -- [localhost-startStop-1 >>>> SqlSessionFactoryBean.java:458 >>>> Method = buildSqlSessionFactory] -- [Content = Parsed configuration file: 'class path resource [mybatis/mybatis-config.xml]']
[2016-12-05 21:16:42.865] -- [DEBUG] -- [localhost-startStop-1 >>>> SqlSessionFactoryBean.java:490 >>>> Method = buildSqlSessionFactory] -- [Content = Parsed mapper file: 'file [C:\Users\zaber\Desktop\SpringMVC-Spring-MyBatis-master\GUIDE-SSM\target\classes\mapper\SysUserMapper.xml]']
[2016-12-05 21:16:47.021] -- [DEBUG] -- [http-bio-8080-exec-1 >>>> SqlSessionUtils.java:99 >>>> Method = getSqlSession] -- [Content = Creating a new SqlSession]
[2016-12-05 21:16:47.026] -- [DEBUG] -- [http-bio-8080-exec-1 >>>> SqlSessionUtils.java:130 >>>> Method = registerSessionHolder] -- [Content = Registering transaction synchronization for SqlSession [org.apache.ibatis.session.defaults.DefaultSqlSession@34517c0c]]
[2016-12-05 21:16:47.040] -- [DEBUG] -- [http-bio-8080-exec-1 >>>> SpringManagedTransaction.java:87 >>>> Method = openConnection] -- [Content = JDBC Connection [com.alibaba.druid.proxy.jdbc.ConnectionProxyImpl@153f10bf] will be managed by Spring]
[2016-12-05 21:16:47.045] -- [DEBUG] -- [http-bio-8080-exec-1 >>>> BaseJdbcLogger.java:145 >>>> Method = debug] -- [Content = ==>  Preparing: select sys_user_id, sys_user_login_name, sys_user_login_password, sys_user_status, sys_user_is_delete, sys_user_register_datetime, sys_user_register_source, sys_user_type, sys_user_sex, sys_user_is_email_active, sys_user_is_mobile_active, sys_user_register_type, sys_user_pay_passwrod, sys_user_icon, sys_user_real_name, sys_user_email, sys_user_mobile, sys_user_weibo_id, sys_user_qq_id from sys_user where sys_user_id = ? ]
[2016-12-05 21:16:47.073] -- [DEBUG] -- [http-bio-8080-exec-1 >>>> BaseJdbcLogger.java:145 >>>> Method = debug] -- [Content = ==> Parameters: 1(Long)]
[2016-12-05 21:16:47.103] -- [TRACE] -- [http-bio-8080-exec-1 >>>> BaseJdbcLogger.java:151 >>>> Method = trace] -- [Content = <==    Columns: sys_user_id, sys_user_login_name, sys_user_login_password, sys_user_status, sys_user_is_delete, sys_user_register_datetime, sys_user_register_source, sys_user_type, sys_user_sex, sys_user_is_email_active, sys_user_is_mobile_active, sys_user_register_type, sys_user_pay_passwrod, sys_user_icon, sys_user_real_name, sys_user_email, sys_user_mobile, sys_user_weibo_id, sys_user_qq_id]
[2016-12-05 21:16:47.104] -- [TRACE] -- [http-bio-8080-exec-1 >>>> BaseJdbcLogger.java:151 >>>> Method = trace] -- [Content = <==        Row: 1, YouMeek1, e10adc3949ba59abbe56e057f20f883e, 0, N, 2016-02-24 00:12:23.0, 0, 0, 0, Y, Y, 0, e10adc3949ba59abbe56e057f20f883e, , уе╬У╤В1, 363379441@qq.com, 13800000001, , ]
[2016-12-05 21:16:47.106] -- [DEBUG] -- [http-bio-8080-exec-1 >>>> BaseJdbcLogger.java:145 >>>> Method = debug] -- [Content = <==      Total: 1]
[2016-12-05 21:16:47.109] -- [DEBUG] -- [http-bio-8080-exec-1 >>>> SqlSessionUtils.java:188 >>>> Method = closeSqlSession] -- [Content = Releasing transactional SqlSession [org.apache.ibatis.session.defaults.DefaultSqlSession@34517c0c]]
[2016-12-05 21:16:47.110] -- [DEBUG] -- [http-bio-8080-exec-1 >>>> SqlSessionUtils.java:312 >>>> Method = beforeCompletion] -- [Content = Transaction synchronization deregistering SqlSession [org.apache.ibatis.session.defaults.DefaultSqlSession@34517c0c]]
[2016-12-05 21:16:47.111] -- [DEBUG] -- [http-bio-8080-exec-1 >>>> SqlSessionUtils.java:317 >>>> Method = beforeCompletion] -- [Content = Transaction synchronization closing SqlSession [org.apache.ibatis.session.defaults.DefaultSqlSession@34517c0c]]
[2016-12-05 21:17:00.682] -- [DEBUG] -- [http-bio-8080-exec-3 >>>> SqlSessionUtils.java:99 >>>> Method = getSqlSession] -- [Content = Creating a new SqlSession]
[2016-12-05 21:17:00.684] -- [DEBUG] -- [http-bio-8080-exec-3 >>>> SqlSessionUtils.java:130 >>>> Method = registerSessionHolder] -- [Content = Registering transaction synchronization for SqlSession [org.apache.ibatis.session.defaults.DefaultSqlSession@788ee4a9]]
[2016-12-05 21:17:00.688] -- [DEBUG] -- [http-bio-8080-exec-3 >>>> SpringManagedTransaction.java:87 >>>> Method = openConnection] -- [Content = JDBC Connection [com.alibaba.druid.proxy.jdbc.ConnectionProxyImpl@153f10bf] will be managed by Spring]
[2016-12-05 21:17:00.688] -- [DEBUG] -- [http-bio-8080-exec-3 >>>> BaseJdbcLogger.java:145 >>>> Method = debug] -- [Content = ==>  Preparing: select sys_user_id, sys_user_login_name, sys_user_login_password, sys_user_status, sys_user_is_delete, sys_user_register_datetime, sys_user_register_source, sys_user_type, sys_user_sex, sys_user_is_email_active, sys_user_is_mobile_active, sys_user_register_type, sys_user_pay_passwrod, sys_user_icon, sys_user_real_name, sys_user_email, sys_user_mobile, sys_user_weibo_id, sys_user_qq_id from sys_user where sys_user_id = ? ]
[2016-12-05 21:17:00.689] -- [DEBUG] -- [http-bio-8080-exec-3 >>>> BaseJdbcLogger.java:145 >>>> Method = debug] -- [Content = ==> Parameters: 1(Long)]
[2016-12-05 21:17:00.696] -- [TRACE] -- [http-bio-8080-exec-3 >>>> BaseJdbcLogger.java:151 >>>> Method = trace] -- [Content = <==    Columns: sys_user_id, sys_user_login_name, sys_user_login_password, sys_user_status, sys_user_is_delete, sys_user_register_datetime, sys_user_register_source, sys_user_type, sys_user_sex, sys_user_is_email_active, sys_user_is_mobile_active, sys_user_register_type, sys_user_pay_passwrod, sys_user_icon, sys_user_real_name, sys_user_email, sys_user_mobile, sys_user_weibo_id, sys_user_qq_id]
[2016-12-05 21:17:00.697] -- [TRACE] -- [http-bio-8080-exec-3 >>>> BaseJdbcLogger.java:151 >>>> Method = trace] -- [Content = <==        Row: 1, YouMeek1, e10adc3949ba59abbe56e057f20f883e, 0, N, 2016-02-24 00:12:23.0, 0, 0, 0, Y, Y, 0, e10adc3949ba59abbe56e057f20f883e, , уе╬У╤В1, 363379441@qq.com, 13800000001, , ]
[2016-12-05 21:17:00.698] -- [DEBUG] -- [http-bio-8080-exec-3 >>>> BaseJdbcLogger.java:145 >>>> Method = debug] -- [Content = <==      Total: 1]
[2016-12-05 21:17:00.698] -- [DEBUG] -- [http-bio-8080-exec-3 >>>> SqlSessionUtils.java:188 >>>> Method = closeSqlSession] -- [Content = Releasing transactional SqlSession [org.apache.ibatis.session.defaults.DefaultSqlSession@788ee4a9]]
[2016-12-05 21:17:00.698] -- [DEBUG] -- [http-bio-8080-exec-3 >>>> SqlSessionUtils.java:312 >>>> Method = beforeCompletion] -- [Content = Transaction synchronization deregistering SqlSession [org.apache.ibatis.session.defaults.DefaultSqlSession@788ee4a9]]
[2016-12-05 21:17:00.698] -- [DEBUG] -- [http-bio-8080-exec-3 >>>> SqlSessionUtils.java:317 >>>> Method = beforeCompletion] -- [Content = Transaction synchronization closing SqlSession [org.apache.ibatis.session.defaults.DefaultSqlSession@788ee4a9]]
[2016-12-05 21:17:11.595] -- [DEBUG] -- [http-bio-8080-exec-5 >>>> SqlSessionUtils.java:99 >>>> Method = getSqlSession] -- [Content = Creating a new SqlSession]
[2016-12-05 21:17:11.595] -- [DEBUG] -- [http-bio-8080-exec-5 >>>> SqlSessionUtils.java:130 >>>> Method = registerSessionHolder] -- [Content = Registering transaction synchronization for SqlSession [org.apache.ibatis.session.defaults.DefaultSqlSession@300cf979]]
[2016-12-05 21:17:11.596] -- [DEBUG] -- [http-bio-8080-exec-5 >>>> SpringManagedTransaction.java:87 >>>> Method = openConnection] -- [Content = JDBC Connection [com.alibaba.druid.proxy.jdbc.ConnectionProxyImpl@153f10bf] will be managed by Spring]
[2016-12-05 21:17:11.597] -- [DEBUG] -- [http-bio-8080-exec-5 >>>> BaseJdbcLogger.java:145 >>>> Method = debug] -- [Content = ==>  Preparing: select sys_user_id, sys_user_login_name, sys_user_login_password, sys_user_status, sys_user_is_delete, sys_user_register_datetime, sys_user_register_source, sys_user_type, sys_user_sex, sys_user_is_email_active, sys_user_is_mobile_active, sys_user_register_type, sys_user_pay_passwrod, sys_user_icon, sys_user_real_name, sys_user_email, sys_user_mobile, sys_user_weibo_id, sys_user_qq_id from sys_user where sys_user_id = ? ]
[2016-12-05 21:17:11.597] -- [DEBUG] -- [http-bio-8080-exec-5 >>>> BaseJdbcLogger.java:145 >>>> Method = debug] -- [Content = ==> Parameters: 1(Long)]
[2016-12-05 21:17:11.598] -- [TRACE] -- [http-bio-8080-exec-5 >>>> BaseJdbcLogger.java:151 >>>> Method = trace] -- [Content = <==    Columns: sys_user_id, sys_user_login_name, sys_user_login_password, sys_user_status, sys_user_is_delete, sys_user_register_datetime, sys_user_register_source, sys_user_type, sys_user_sex, sys_user_is_email_active, sys_user_is_mobile_active, sys_user_register_type, sys_user_pay_passwrod, sys_user_icon, sys_user_real_name, sys_user_email, sys_user_mobile, sys_user_weibo_id, sys_user_qq_id]
[2016-12-05 21:17:11.599] -- [TRACE] -- [http-bio-8080-exec-5 >>>> BaseJdbcLogger.java:151 >>>> Method = trace] -- [Content = <==        Row: 1, YouMeek1, e10adc3949ba59abbe56e057f20f883e, 0, N, 2016-02-24 00:12:23.0, 0, 0, 0, Y, Y, 0, e10adc3949ba59abbe56e057f20f883e, , уе╬У╤В1, 363379441@qq.com, 13800000001, , ]
[2016-12-05 21:17:11.600] -- [DEBUG] -- [http-bio-8080-exec-5 >>>> BaseJdbcLogger.java:145 >>>> Method = debug] -- [Content = <==      Total: 1]
[2016-12-05 21:17:11.600] -- [DEBUG] -- [http-bio-8080-exec-5 >>>> SqlSessionUtils.java:188 >>>> Method = closeSqlSession] -- [Content = Releasing transactional SqlSession [org.apache.ibatis.session.defaults.DefaultSqlSession@300cf979]]
[2016-12-05 21:17:11.600] -- [DEBUG] -- [http-bio-8080-exec-5 >>>> SqlSessionUtils.java:312 >>>> Method = beforeCompletion] -- [Content = Transaction synchronization deregistering SqlSession [org.apache.ibatis.session.defaults.DefaultSqlSession@300cf979]]
[2016-12-05 21:17:11.601] -- [DEBUG] -- [http-bio-8080-exec-5 >>>> SqlSessionUtils.java:317 >>>> Method = beforeCompletion] -- [Content = Transaction synchronization closing SqlSession [org.apache.ibatis.session.defaults.DefaultSqlSession@300cf979]]
[2016-12-05 21:17:35.968] -- [DEBUG] -- [http-bio-8080-exec-7 >>>> SqlSessionUtils.java:99 >>>> Method = getSqlSession] -- [Content = Creating a new SqlSession]
[2016-12-05 21:17:35.968] -- [DEBUG] -- [http-bio-8080-exec-7 >>>> SqlSessionUtils.java:130 >>>> Method = registerSessionHolder] -- [Content = Registering transaction synchronization for SqlSession [org.apache.ibatis.session.defaults.DefaultSqlSession@374d73b]]
[2016-12-05 21:17:35.969] -- [DEBUG] -- [http-bio-8080-exec-7 >>>> SpringManagedTransaction.java:87 >>>> Method = openConnection] -- [Content = JDBC Connection [com.alibaba.druid.proxy.jdbc.ConnectionProxyImpl@153f10bf] will be managed by Spring]
[2016-12-05 21:17:35.969] -- [DEBUG] -- [http-bio-8080-exec-7 >>>> BaseJdbcLogger.java:145 >>>> Method = debug] -- [Content = ==>  Preparing: select sys_user_id, sys_user_login_name, sys_user_login_password, sys_user_status, sys_user_is_delete, sys_user_register_datetime, sys_user_register_source, sys_user_type, sys_user_sex, sys_user_is_email_active, sys_user_is_mobile_active, sys_user_register_type, sys_user_pay_passwrod, sys_user_icon, sys_user_real_name, sys_user_email, sys_user_mobile, sys_user_weibo_id, sys_user_qq_id from sys_user where sys_user_id = ? ]
[2016-12-05 21:17:35.969] -- [DEBUG] -- [http-bio-8080-exec-7 >>>> BaseJdbcLogger.java:145 >>>> Method = debug] -- [Content = ==> Parameters: 1(Long)]
[2016-12-05 21:17:35.971] -- [TRACE] -- [http-bio-8080-exec-7 >>>> BaseJdbcLogger.java:151 >>>> Method = trace] -- [Content = <==    Columns: sys_user_id, sys_user_login_name, sys_user_login_password, sys_user_status, sys_user_is_delete, sys_user_register_datetime, sys_user_register_source, sys_user_type, sys_user_sex, sys_user_is_email_active, sys_user_is_mobile_active, sys_user_register_type, sys_user_pay_passwrod, sys_user_icon, sys_user_real_name, sys_user_email, sys_user_mobile, sys_user_weibo_id, sys_user_qq_id]
[2016-12-05 21:17:35.971] -- [TRACE] -- [http-bio-8080-exec-7 >>>> BaseJdbcLogger.java:151 >>>> Method = trace] -- [Content = <==        Row: 1, YouMeek1, e10adc3949ba59abbe56e057f20f883e, 0, N, 2016-02-24 00:12:23.0, 0, 0, 0, Y, Y, 0, e10adc3949ba59abbe56e057f20f883e, , уе╬У╤В1, 363379441@qq.com, 13800000001, , ]
[2016-12-05 21:17:35.972] -- [DEBUG] -- [http-bio-8080-exec-7 >>>> BaseJdbcLogger.java:145 >>>> Method = debug] -- [Content = <==      Total: 1]
[2016-12-05 21:17:35.973] -- [DEBUG] -- [http-bio-8080-exec-7 >>>> SqlSessionUtils.java:188 >>>> Method = closeSqlSession] -- [Content = Releasing transactional SqlSession [org.apache.ibatis.session.defaults.DefaultSqlSession@374d73b]]
[2016-12-05 21:17:35.974] -- [DEBUG] -- [http-bio-8080-exec-7 >>>> SqlSessionUtils.java:312 >>>> Method = beforeCompletion] -- [Content = Transaction synchronization deregistering SqlSession [org.apache.ibatis.session.defaults.DefaultSqlSession@374d73b]]
[2016-12-05 21:17:35.974] -- [DEBUG] -- [http-bio-8080-exec-7 >>>> SqlSessionUtils.java:317 >>>> Method = beforeCompletion] -- [Content = Transaction synchronization closing SqlSession [org.apache.ibatis.session.defaults.DefaultSqlSession@374d73b]]
[2016-12-05 21:17:51.429] -- [DEBUG] -- [http-bio-8080-exec-9 >>>> SqlSessionUtils.java:99 >>>> Method = getSqlSession] -- [Content = Creating a new SqlSession]
[2016-12-05 21:17:51.430] -- [DEBUG] -- [http-bio-8080-exec-9 >>>> SqlSessionUtils.java:130 >>>> Method = registerSessionHolder] -- [Content = Registering transaction synchronization for SqlSession [org.apache.ibatis.session.defaults.DefaultSqlSession@223f948a]]
[2016-12-05 21:17:51.431] -- [DEBUG] -- [http-bio-8080-exec-9 >>>> SpringManagedTransaction.java:87 >>>> Method = openConnection] -- [Content = JDBC Connection [com.alibaba.druid.proxy.jdbc.ConnectionProxyImpl@153f10bf] will be managed by Spring]
[2016-12-05 21:17:51.431] -- [DEBUG] -- [http-bio-8080-exec-9 >>>> BaseJdbcLogger.java:145 >>>> Method = debug] -- [Content = ==>  Preparing: select sys_user_id, sys_user_login_name, sys_user_login_password, sys_user_status, sys_user_is_delete, sys_user_register_datetime, sys_user_register_source, sys_user_type, sys_user_sex, sys_user_is_email_active, sys_user_is_mobile_active, sys_user_register_type, sys_user_pay_passwrod, sys_user_icon, sys_user_real_name, sys_user_email, sys_user_mobile, sys_user_weibo_id, sys_user_qq_id from sys_user where sys_user_id = ? ]
[2016-12-05 21:17:51.432] -- [DEBUG] -- [http-bio-8080-exec-9 >>>> BaseJdbcLogger.java:145 >>>> Method = debug] -- [Content = ==> Parameters: 1(Long)]
[2016-12-05 21:17:51.436] -- [TRACE] -- [http-bio-8080-exec-9 >>>> BaseJdbcLogger.java:151 >>>> Method = trace] -- [Content = <==    Columns: sys_user_id, sys_user_login_name, sys_user_login_password, sys_user_status, sys_user_is_delete, sys_user_register_datetime, sys_user_register_source, sys_user_type, sys_user_sex, sys_user_is_email_active, sys_user_is_mobile_active, sys_user_register_type, sys_user_pay_passwrod, sys_user_icon, sys_user_real_name, sys_user_email, sys_user_mobile, sys_user_weibo_id, sys_user_qq_id]
[2016-12-05 21:17:51.437] -- [TRACE] -- [http-bio-8080-exec-9 >>>> BaseJdbcLogger.java:151 >>>> Method = trace] -- [Content = <==        Row: 1, YouMeek1, e10adc3949ba59abbe56e057f20f883e, 0, N, 2016-02-24 00:12:23.0, 0, 0, 0, Y, Y, 0, e10adc3949ba59abbe56e057f20f883e, , уе╬У╤В1, 363379441@qq.com, 13800000001, , ]
[2016-12-05 21:17:51.439] -- [DEBUG] -- [http-bio-8080-exec-9 >>>> BaseJdbcLogger.java:145 >>>> Method = debug] -- [Content = <==      Total: 1]
[2016-12-05 21:17:51.441] -- [DEBUG] -- [http-bio-8080-exec-9 >>>> SqlSessionUtils.java:188 >>>> Method = closeSqlSession] -- [Content = Releasing transactional SqlSession [org.apache.ibatis.session.defaults.DefaultSqlSession@223f948a]]
[2016-12-05 21:17:51.442] -- [DEBUG] -- [http-bio-8080-exec-9 >>>> SqlSessionUtils.java:312 >>>> Method = beforeCompletion] -- [Content = Transaction synchronization deregistering SqlSession [org.apache.ibatis.session.defaults.DefaultSqlSession@223f948a]]
[2016-12-05 21:17:51.442] -- [DEBUG] -- [http-bio-8080-exec-9 >>>> SqlSessionUtils.java:317 >>>> Method = beforeCompletion] -- [Content = Transaction synchronization closing SqlSession [org.apache.ibatis.session.defaults.DefaultSqlSession@223f948a]]
[2016-12-05 21:21:05.021] -- [DEBUG] -- [localhost-startStop-1 >>>> LogFactory.java:135 >>>> Method = setImplementation] -- [Content = Logging initialized using 'class org.apache.ibatis.logging.slf4j.Slf4jImpl' adapter.]
[2016-12-05 21:21:05.185] -- [DEBUG] -- [localhost-startStop-1 >>>> SqlSessionFactoryBean.java:458 >>>> Method = buildSqlSessionFactory] -- [Content = Parsed configuration file: 'class path resource [mybatis/mybatis-config.xml]']
[2016-12-05 21:21:05.236] -- [DEBUG] -- [localhost-startStop-1 >>>> SqlSessionFactoryBean.java:490 >>>> Method = buildSqlSessionFactory] -- [Content = Parsed mapper file: 'file [C:\Users\zaber\Desktop\SpringMVC-Spring-MyBatis-master\GUIDE-SSM\target\classes\mapper\SysUserMapper.xml]']
[2016-12-05 21:21:27.993] -- [DEBUG] -- [localhost-startStop-1 >>>> LogFactory.java:135 >>>> Method = setImplementation] -- [Content = Logging initialized using 'class org.apache.ibatis.logging.slf4j.Slf4jImpl' adapter.]
[2016-12-05 21:21:28.145] -- [DEBUG] -- [localhost-startStop-1 >>>> SqlSessionFactoryBean.java:458 >>>> Method = buildSqlSessionFactory] -- [Content = Parsed configuration file: 'class path resource [mybatis/mybatis-config.xml]']
[2016-12-05 21:21:28.191] -- [DEBUG] -- [localhost-startStop-1 >>>> SqlSessionFactoryBean.java:490 >>>> Method = buildSqlSessionFactory] -- [Content = Parsed mapper file: 'file [C:\Users\zaber\Desktop\SpringMVC-Spring-MyBatis-master\GUIDE-SSM\target\classes\mapper\SysUserMapper.xml]']
